TN:
SF:/home/abdul.hamid/Test500/CITesting/src/app/app.component.ts
FN:21,(anonymous_0)
FN:26,AppComponent
FN:30,(anonymous_2)
FN:34,(anonymous_3)
FN:40,(anonymous_4)
FN:48,(anonymous_5)
FN:57,(anonymous_6)
FN:62,(anonymous_7)
FN:70,(anonymous_8)
FNF:9
FNH:1
FNDA:1,(anonymous_0)
FNDA:0,AppComponent
FNDA:0,(anonymous_2)
FNDA:0,(anonymous_3)
FNDA:0,(anonymous_4)
FNDA:0,(anonymous_5)
FNDA:0,(anonymous_6)
FNDA:0,(anonymous_7)
FNDA:0,(anonymous_8)
DA:11,1
DA:14,1
DA:21,1
DA:26,0
DA:27,0
DA:28,0
DA:30,0
DA:31,0
DA:32,0
DA:34,0
DA:36,0
DA:40,0
DA:42,0
DA:48,1
DA:49,0
DA:50,0
DA:51,0
DA:53,0
DA:54,0
DA:55,0
DA:57,0
DA:58,0
DA:62,0
DA:64,0
DA:70,1
DA:71,0
DA:72,0
DA:75,1
LF:28
LH:6
BRDA:31,0,0,0
BRDA:31,0,1,0
BRDA:50,1,0,0
BRDA:50,1,1,0
BRDA:54,2,0,0
BRDA:54,2,1,0
BRF:6
BRH:0
end_of_record
TN:
SF:/home/abdul.hamid/Test500/CITesting/src/app/app.service.ts
FN:8,(anonymous_0)
FN:7,AppState
FN:13,(anonymous_2)
FN:18,(anonymous_3)
FN:22,(anonymous_4)
FN:28,(anonymous_5)
FN:33,(anonymous_6)
FNF:7
FNH:1
FNDA:1,(anonymous_0)
FNDA:0,AppState
FNDA:0,(anonymous_2)
FNDA:0,(anonymous_3)
FNDA:0,(anonymous_4)
FNDA:0,(anonymous_5)
FNDA:0,(anonymous_6)
DA:1,1
DA:8,1
DA:10,0
DA:13,1
DA:14,0
DA:19,0
DA:22,1
DA:24,0
DA:25,0
DA:28,1
DA:30,0
DA:33,1
DA:35,0
DA:37,1
LF:14
LH:7
BRDA:25,0,0,0
BRDA:25,0,1,0
BRF:2
BRH:0
end_of_record
TN:
SF:/home/abdul.hamid/Test500/CITesting/src/app/core/core.module.ts
FN:61,(anonymous_0)
FNF:1
FNH:1
FNDA:40,(anonymous_0)
DA:11,1
DA:12,1
DA:14,1
DA:15,1
DA:17,1
DA:18,1
DA:19,1
DA:21,1
DA:23,1
DA:27,1
DA:36,1
DA:40,1
DA:49,1
DA:61,1
DA:62,1
LF:15
LH:15
BRF:0
BRH:0
end_of_record
TN:
SF:/home/abdul.hamid/Test500/CITesting/src/app/core/_config/config.ts
FN:4,getEnvironment
FN:24,findAndReplace
FNF:2
FNH:2
FNDA:1,getEnvironment
FNDA:1,findAndReplace
DA:2,1
DA:5,1
DA:7,0
DA:10,0
DA:13,0
DA:16,0
DA:19,1
DA:23,1
DA:25,1
DA:26,28
DA:27,28
DA:30,1
DA:32,1
LF:13
LH:9
BRDA:6,0,0,0
BRDA:6,0,1,0
BRDA:6,0,2,0
BRDA:6,0,3,0
BRDA:6,0,4,1
BRDA:26,1,0,28
BRDA:26,1,1,0
BRF:7
BRH:2
end_of_record
TN:
SF:/home/abdul.hamid/Test500/CITesting/src/app/core/_config/constants.ts
FNF:0
FNH:0
DA:1,1
DA:27,1
DA:35,1
LF:3
LH:3
BRF:0
BRH:0
end_of_record
TN:
SF:/home/abdul.hamid/Test500/CITesting/src/app/core/_config/index.ts
FNF:0
FNH:0
DA:1,1
DA:2,1
LF:2
LH:2
BRF:0
BRH:0
end_of_record
TN:
SF:/home/abdul.hamid/Test500/CITesting/src/app/core/_directives/drag-col.directive.ts
FN:6,(anonymous_0)
FN:7,DragColDirective
FN:12,(anonymous_2)
FNF:3
FNH:1
FNDA:1,(anonymous_0)
FNDA:0,DragColDirective
FNDA:0,(anonymous_2)
DA:1,1
DA:6,1
DA:7,0
DA:8,0
DA:12,1
DA:13,0
DA:14,0
DA:16,1
LF:8
LH:4
BRF:0
BRH:0
end_of_record
TN:
SF:/home/abdul.hamid/Test500/CITesting/src/app/core/_directives/drop-col.directive.ts
FN:6,(anonymous_0)
FN:8,DropColDirective
FN:13,(anonymous_2)
FN:22,(anonymous_3)
FN:44,(anonymous_4)
FNF:5
FNH:1
FNDA:1,(anonymous_0)
FNDA:0,DropColDirective
FNDA:0,(anonymous_2)
FNDA:0,(anonymous_3)
FNDA:0,(anonymous_4)
DA:1,1
DA:6,1
DA:7,1
DA:8,0
DA:9,0
DA:13,1
DA:14,0
DA:22,1
DA:23,0
DA:24,0
DA:26,0
DA:27,0
DA:29,0
DA:31,0
DA:32,0
DA:33,0
DA:39,0
DA:40,0
DA:44,1
DA:45,0
DA:46,0
DA:47,0
DA:49,0
DA:50,0
DA:51,0
DA:53,0
DA:55,0
DA:58,1
LF:28
LH:7
BRDA:26,0,0,0
BRDA:26,0,1,0
BRDA:32,1,0,0
BRDA:32,1,1,0
BRDA:32,2,0,0
BRDA:32,2,1,0
BRDA:32,2,2,0
BRDA:32,2,3,0
BRDA:46,3,0,0
BRDA:46,3,1,0
BRDA:50,4,0,0
BRDA:50,4,1,0
BRF:12
BRH:0
end_of_record
TN:
SF:/home/abdul.hamid/Test500/CITesting/src/app/core/_directives/external-click.directive.ts
FN:24,(anonymous_0)
FN:28,ExternalClickDirective
FN:33,(anonymous_2)
FNF:3
FNH:2
FNDA:1,(anonymous_0)
FNDA:6,ExternalClickDirective
FNDA:0,(anonymous_2)
DA:15,1
DA:24,1
DA:25,6
DA:28,6
DA:33,1
DA:35,0
DA:42,0
DA:43,0
DA:46,1
LF:9
LH:6
BRDA:42,0,0,0
BRDA:42,0,1,0
BRF:2
BRH:0
end_of_record
TN:
SF:/home/abdul.hamid/Test500/CITesting/src/app/core/_directives/index.ts
FNF:0
FNH:0
DA:1,1
DA:2,1
DA:3,1
DA:4,1
DA:5,1
DA:6,1
LF:6
LH:6
BRF:0
BRH:0
end_of_record
TN:
SF:/home/abdul.hamid/Test500/CITesting/src/app/core/_directives/sort-by.directive.ts
FN:19,(anonymous_0)
FN:29,SortByDirective
FN:23,(anonymous_2)
FN:33,(anonymous_3)
FNF:4
FNH:1
FNDA:1,(anonymous_0)
FNDA:0,SortByDirective
FNDA:0,(anonymous_2)
FNDA:0,(anonymous_3)
DA:10,1
DA:19,1
DA:20,1
DA:23,2
DA:24,0
DA:29,0
DA:33,1
DA:34,0
DA:35,0
DA:37,1
LF:10
LH:6
BRF:0
BRH:0
end_of_record
TN:
SF:/home/abdul.hamid/Test500/CITesting/src/app/core/_directives/table-column.directive.ts
FN:6,(anonymous_0)
FN:10,TableColumnDirective
FN:14,(anonymous_2)
FNF:3
FNH:1
FNDA:1,(anonymous_0)
FNDA:0,TableColumnDirective
FNDA:0,(anonymous_2)
DA:1,1
DA:6,1
DA:7,1
DA:8,1
DA:9,1
DA:10,0
DA:11,0
DA:14,1
DA:15,0
DA:16,0
DA:17,0
DA:19,1
LF:12
LH:7
BRF:0
BRH:0
end_of_record
TN:
SF:/home/abdul.hamid/Test500/CITesting/src/app/core/_directives/alert/alert.directive.ts
FN:10,(anonymous_0)
FN:13,AlertComponent
FN:16,(anonymous_2)
FN:17,(anonymous_3)
FNF:4
FNH:4
FNDA:1,(anonymous_0)
FNDA:17,AlertComponent
FNDA:17,(anonymous_2)
FNDA:10,(anonymous_3)
DA:1,1
DA:3,1
DA:10,1
DA:13,17
DA:16,17
DA:17,17
DA:18,10
DA:21,1
LF:8
LH:8
BRF:0
BRH:0
end_of_record
TN:
SF:/home/abdul.hamid/Test500/CITesting/src/app/core/_models/field.ts
FN:96,(anonymous_0)
FN:117,(anonymous_1)
FN:122,(anonymous_3)
FN:131,(anonymous_5)
FN:135,(anonymous_7)
FN:140,(anonymous_9)
FN:145,(anonymous_11)
FN:151,(anonymous_13)
FN:155,(anonymous_15)
FN:163,(anonymous_17)
FN:167,(anonymous_19)
FN:172,(anonymous_21)
FN:177,(anonymous_23)
FN:194,(anonymous_25)
FN:204,(anonymous_27)
FN:208,(anonymous_29)
FN:213,(anonymous_31)
FN:217,(anonymous_33)
FNF:18
FNH:18
FNDA:1,(anonymous_0)
FNDA:1,(anonymous_1)
FNDA:1,(anonymous_3)
FNDA:1,(anonymous_5)
FNDA:1,(anonymous_7)
FNDA:1,(anonymous_9)
FNDA:1,(anonymous_11)
FNDA:1,(anonymous_13)
FNDA:1,(anonymous_15)
FNDA:1,(anonymous_17)
FNDA:1,(anonymous_19)
FNDA:1,(anonymous_21)
FNDA:1,(anonymous_23)
FNDA:1,(anonymous_25)
FNDA:1,(anonymous_27)
FNDA:1,(anonymous_29)
FNDA:1,(anonymous_31)
FNDA:1,(anonymous_33)
DA:96,1
DA:97,1
DA:98,1
DA:99,1
DA:100,1
DA:101,1
DA:102,1
DA:103,1
DA:104,1
DA:105,1
DA:106,1
DA:107,1
DA:108,1
DA:109,1
DA:110,1
DA:111,1
DA:112,1
DA:113,1
DA:114,1
DA:117,1
DA:120,1
DA:122,1
DA:129,1
DA:131,1
DA:133,1
DA:135,1
DA:138,1
DA:140,1
DA:143,1
DA:145,1
DA:149,1
DA:151,1
DA:154,1
DA:155,1
DA:161,1
DA:163,1
DA:165,1
DA:167,1
DA:170,1
DA:172,1
DA:175,1
DA:177,1
DA:192,1
DA:194,1
DA:202,1
DA:204,1
DA:206,1
DA:208,1
DA:211,1
DA:213,1
DA:215,1
DA:217,1
DA:231,1
LF:53
LH:53
BRDA:96,0,0,1
BRDA:96,0,1,1
BRF:2
BRH:2
end_of_record
TN:
SF:/home/abdul.hamid/Test500/CITesting/src/app/core/_models/form.ts
FN:3,(anonymous_0)
FN:10,(anonymous_2)
FN:15,(anonymous_4)
FNF:3
FNH:3
FNDA:1,(anonymous_0)
FNDA:1,(anonymous_2)
FNDA:1,(anonymous_4)
DA:3,1
DA:8,1
DA:10,1
DA:13,1
DA:15,1
DA:18,1
LF:6
LH:6
BRF:0
BRH:0
end_of_record
TN:
SF:/home/abdul.hamid/Test500/CITesting/src/app/core/_models/index.ts
FNF:0
FNH:0
DA:1,1
DA:2,1
DA:3,1
DA:4,1
DA:5,1
LF:5
LH:5
BRF:0
BRH:0
end_of_record
TN:
SF:/home/abdul.hamid/Test500/CITesting/src/app/core/_models/palette.ts
FN:1,(anonymous_0)
FNF:1
FNH:1
FNDA:1,(anonymous_0)
DA:1,1
DA:11,1
LF:2
LH:2
BRF:0
BRH:0
end_of_record
TN:
SF:/home/abdul.hamid/Test500/CITesting/src/app/core/_models/task.ts
FN:1,(anonymous_0)
FNF:1
FNH:1
FNDA:1,(anonymous_0)
DA:1,1
DA:29,1
LF:2
LH:2
BRF:0
BRH:0
end_of_record
TN:
SF:/home/abdul.hamid/Test500/CITesting/src/app/core/_models/user.ts
FN:3,(anonymous_0)
FNF:1
FNH:1
FNDA:1,(anonymous_0)
DA:3,1
DA:22,1
LF:2
LH:2
BRF:0
BRH:0
end_of_record
TN:
SF:/home/abdul.hamid/Test500/CITesting/src/app/core/_pipes/dateFormat.pipe.ts
FN:7,(anonymous_0)
FN:8,(anonymous_2)
FNF:2
FNH:1
FNDA:1,(anonymous_0)
FNDA:0,(anonymous_2)
DA:1,1
DA:2,1
DA:7,1
DA:8,1
DA:9,0
DA:10,0
DA:11,0
DA:12,0
DA:13,0
DA:15,0
DA:20,1
LF:11
LH:5
BRDA:10,0,0,0
BRDA:10,0,1,0
BRDA:12,1,0,0
BRDA:12,1,1,0
BRF:4
BRH:0
end_of_record
TN:
SF:/home/abdul.hamid/Test500/CITesting/src/app/core/_pipes/index.ts
FNF:0
FNH:0
DA:1,1
DA:2,1
DA:3,1
DA:4,1
DA:5,1
DA:6,1
LF:6
LH:6
BRF:0
BRH:0
end_of_record
TN:
SF:/home/abdul.hamid/Test500/CITesting/src/app/core/_pipes/loop-key-value.pipe.ts
FN:6,(anonymous_0)
FN:7,(anonymous_2)
FNF:2
FNH:1
FNDA:4,(anonymous_0)
FNDA:0,(anonymous_2)
DA:1,1
DA:6,1
DA:7,1
DA:8,0
DA:9,0
DA:10,0
DA:11,0
DA:14,0
DA:16,1
LF:9
LH:4
BRDA:10,0,0,0
BRDA:10,0,1,0
BRF:2
BRH:0
end_of_record
TN:
SF:/home/abdul.hamid/Test500/CITesting/src/app/core/_pipes/safe-iframeurl.pipe.ts
FN:5,(anonymous_0)
FN:6,SafePipe
FN:9,(anonymous_2)
FNF:3
FNH:1
FNDA:1,(anonymous_0)
FNDA:0,SafePipe
FNDA:0,(anonymous_2)
DA:1,1
DA:2,1
DA:5,1
DA:6,0
DA:9,1
DA:10,0
DA:12,1
LF:7
LH:5
BRF:0
BRH:0
end_of_record
TN:
SF:/home/abdul.hamid/Test500/CITesting/src/app/core/_pipes/sentenceCase.pipe.ts
FN:6,(anonymous_0)
FN:7,(anonymous_2)
FN:12,(anonymous_3)
FNF:3
FNH:1
FNDA:4,(anonymous_0)
FNDA:0,(anonymous_2)
FNDA:0,(anonymous_3)
DA:1,1
DA:6,1
DA:7,1
DA:8,0
DA:9,0
DA:10,0
DA:12,0
DA:15,1
LF:8
LH:4
BRDA:8,0,0,0
BRDA:8,0,1,0
BRDA:9,1,0,0
BRDA:9,1,1,0
BRF:4
BRH:0
end_of_record
TN:
SF:/home/abdul.hamid/Test500/CITesting/src/app/core/_pipes/titleCase.pipe.ts
FN:6,(anonymous_0)
FN:7,(anonymous_2)
FN:10,(anonymous_3)
FNF:3
FNH:1
FNDA:1,(anonymous_0)
FNDA:0,(anonymous_2)
FNDA:0,(anonymous_3)
DA:1,1
DA:6,1
DA:7,1
DA:8,0
DA:9,0
DA:10,0
DA:11,0
DA:15,1
LF:8
LH:4
BRDA:8,0,0,0
BRDA:8,0,1,0
BRDA:9,1,0,0
BRDA:9,1,1,0
BRF:4
BRH:0
end_of_record
TN:
SF:/home/abdul.hamid/Test500/CITesting/src/app/core/_pipes/translate.pipe.ts
FN:9,(anonymous_0)
FN:10,TranslatePipe
FN:13,(anonymous_2)
FNF:3
FNH:3
FNDA:1,(anonymous_0)
FNDA:179,TranslatePipe
FNDA:443,(anonymous_2)
DA:1,1
DA:2,1
DA:9,1
DA:10,179
DA:13,1
DA:14,443
DA:15,0
DA:17,443
DA:19,1
LF:9
LH:8
BRDA:14,0,0,0
BRDA:14,0,1,443
BRF:2
BRH:1
end_of_record
TN:
SF:/home/abdul.hamid/Test500/CITesting/src/app/core/_services/index.ts
FNF:0
FNH:0
DA:1,1
DA:2,1
DA:4,1
DA:6,1
DA:8,1
DA:10,1
DA:12,1
DA:13,1
DA:15,1
DA:16,1
DA:18,1
DA:20,1
DA:21,1
DA:23,1
DA:24,1
DA:25,1
DA:26,1
DA:28,1
DA:29,1
DA:30,1
DA:31,1
DA:33,1
DA:34,1
DA:35,1
DA:36,1
DA:37,1
DA:38,1
DA:39,1
LF:28
LH:28
BRF:0
BRH:0
end_of_record
TN:
SF:/home/abdul.hamid/Test500/CITesting/src/app/core/_services/alert/alert.service.ts
FN:7,(anonymous_0)
FN:11,AlertService
FN:13,(anonymous_2)
FN:26,(anonymous_3)
FN:31,(anonymous_4)
FN:35,(anonymous_5)
FN:40,(anonymous_6)
FNF:7
FNH:3
FNDA:1,(anonymous_0)
FNDA:1,AlertService
FNDA:1,(anonymous_2)
FNDA:0,(anonymous_3)
FNDA:0,(anonymous_4)
FNDA:0,(anonymous_5)
FNDA:0,(anonymous_6)
DA:1,1
DA:2,1
DA:4,1
DA:7,1
DA:8,1
DA:9,1
DA:11,1
DA:13,1
DA:14,1
DA:15,0
DA:17,0
DA:20,0
DA:26,1
DA:27,0
DA:28,0
DA:31,1
DA:32,0
DA:33,0
DA:35,1
DA:36,0
DA:37,0
DA:40,1
DA:41,0
DA:43,1
LF:24
LH:14
BRDA:14,0,0,0
BRDA:14,0,1,1
BRDA:15,1,0,0
BRDA:15,1,1,0
BRDA:26,2,0,0
BRDA:26,2,1,0
BRDA:31,3,0,0
BRDA:31,3,1,0
BRDA:35,4,0,0
BRDA:35,4,1,0
BRF:10
BRH:1
end_of_record
TN:
SF:/home/abdul.hamid/Test500/CITesting/src/app/core/_services/auth/auth-guard.service.ts
FN:9,(anonymous_0)
FN:11,AuthGuard
FN:15,(anonymous_2)
FN:21,(anonymous_3)
FN:25,(anonymous_4)
FNF:5
FNH:5
FNDA:1,(anonymous_0)
FNDA:5,AuthGuard
FNDA:4,(anonymous_2)
FNDA:2,(anonymous_3)
FNDA:5,(anonymous_4)
DA:1,1
DA:2,1
DA:6,1
DA:9,1
DA:11,5
DA:12,5
DA:15,1
DA:16,4
DA:18,4
DA:21,1
DA:22,2
DA:25,1
DA:26,5
DA:27,2
DA:31,3
DA:33,3
DA:34,3
DA:37,1
LF:18
LH:18
BRDA:26,0,0,2
BRDA:26,0,1,3
BRF:2
BRH:2
end_of_record
TN:
SF:/home/abdul.hamid/Test500/CITesting/src/app/core/_services/auth/auth.service.ts
FN:16,(anonymous_0)
FN:42,AuthService
FN:58,(anonymous_2)
FN:62,(anonymous_3)
FN:65,(anonymous_4)
FN:90,(anonymous_5)
FN:92,(anonymous_6)
FN:97,(anonymous_7)
FN:99,(anonymous_8)
FN:104,(anonymous_9)
FN:106,(anonymous_10)
FN:115,(anonymous_11)
FN:128,(anonymous_12)
FN:133,(anonymous_13)
FN:140,(anonymous_14)
FN:148,(anonymous_15)
FN:155,(anonymous_16)
FN:159,(anonymous_17)
FN:177,(anonymous_18)
FN:193,(anonymous_19)
FN:198,(anonymous_20)
FN:203,(anonymous_21)
FN:209,(anonymous_22)
FN:219,(anonymous_23)
FN:228,(anonymous_24)
FNF:25
FNH:8
FNDA:1,(anonymous_0)
FNDA:3,AuthService
FNDA:0,(anonymous_2)
FNDA:0,(anonymous_3)
FNDA:0,(anonymous_4)
FNDA:0,(anonymous_5)
FNDA:0,(anonymous_6)
FNDA:0,(anonymous_7)
FNDA:0,(anonymous_8)
FNDA:0,(anonymous_9)
FNDA:0,(anonymous_10)
FNDA:1,(anonymous_11)
FNDA:0,(anonymous_12)
FNDA:3,(anonymous_13)
FNDA:3,(anonymous_14)
FNDA:0,(anonymous_15)
FNDA:1,(anonymous_16)
FNDA:0,(anonymous_17)
FNDA:0,(anonymous_18)
FNDA:0,(anonymous_19)
FNDA:0,(anonymous_20)
FNDA:0,(anonymous_21)
FNDA:1,(anonymous_22)
FNDA:1,(anonymous_23)
FNDA:0,(anonymous_24)
DA:1,1
DA:2,1
DA:5,1
DA:8,1
DA:9,1
DA:10,1
DA:11,1
DA:16,1
DA:18,1
DA:19,1
DA:20,1
DA:32,3
DA:35,3
DA:42,3
DA:43,3
DA:44,3
DA:45,3
DA:48,3
DA:49,3
DA:51,3
DA:54,3
DA:55,3
DA:56,3
DA:58,1
DA:59,0
DA:60,0
DA:62,1
DA:64,0
DA:66,0
DA:67,0
DA:69,0
DA:70,0
DA:71,0
DA:74,0
DA:76,0
DA:77,0
DA:78,0
DA:79,0
DA:80,0
DA:82,0
DA:83,0
DA:85,0
DA:86,0
DA:90,1
DA:91,0
DA:93,0
DA:94,0
DA:97,1
DA:98,0
DA:100,0
DA:101,0
DA:104,1
DA:105,0
DA:107,0
DA:108,0
DA:109,0
DA:115,1
DA:116,1
DA:117,1
DA:118,1
DA:119,0
DA:121,1
DA:128,1
DA:129,0
DA:130,0
DA:133,1
DA:134,3
DA:135,1
DA:137,2
DA:140,1
DA:141,3
DA:142,2
DA:144,1
DA:148,1
DA:149,0
DA:151,0
DA:152,0
DA:155,1
DA:156,1
DA:159,1
DA:160,0
DA:161,0
DA:162,0
DA:163,0
DA:165,0
DA:166,0
DA:167,0
DA:168,0
DA:169,0
DA:170,0
DA:171,0
DA:177,1
DA:178,0
DA:179,0
DA:180,0
DA:181,0
DA:183,0
DA:184,0
DA:185,0
DA:186,0
DA:187,0
DA:193,1
DA:194,0
DA:195,0
DA:196,0
DA:197,0
DA:199,0
DA:202,0
DA:204,0
DA:209,1
DA:211,1
DA:212,1
DA:214,1
DA:215,0
DA:218,1
DA:220,1
DA:222,1
DA:223,0
DA:228,1
DA:230,0
DA:232,1
LF:121
LH:57
BRDA:66,0,0,0
BRDA:66,0,1,0
BRDA:70,1,0,0
BRDA:70,1,1,0
BRDA:70,2,0,0
BRDA:70,2,1,0
BRDA:74,3,0,0
BRDA:74,3,1,0
BRDA:74,4,0,0
BRDA:74,4,1,0
BRDA:74,4,2,0
BRDA:74,4,3,0
BRDA:74,4,4,0
BRDA:79,5,0,0
BRDA:79,5,1,0
BRDA:85,6,0,0
BRDA:85,6,1,0
BRDA:85,7,0,0
BRDA:85,7,1,0
BRDA:85,7,2,0
BRDA:118,8,0,0
BRDA:118,8,1,1
BRDA:134,9,0,1
BRDA:134,9,1,2
BRDA:141,10,0,2
BRDA:141,10,1,1
BRDA:160,11,0,0
BRDA:160,11,1,0
BRDA:162,12,0,0
BRDA:162,12,1,0
BRDA:166,13,0,0
BRDA:166,13,1,0
BRDA:178,14,0,0
BRDA:178,14,1,0
BRDA:180,15,0,0
BRDA:180,15,1,0
BRDA:184,16,0,0
BRDA:184,16,1,0
BRDA:195,17,0,0
BRDA:195,17,1,0
BRDA:195,18,0,0
BRDA:195,18,1,0
BRDA:196,19,0,0
BRDA:196,19,1,0
BRDA:214,20,0,0
BRDA:214,20,1,1
BRDA:222,21,0,0
BRDA:222,21,1,1
BRF:48
BRH:7
end_of_record
TN:
SF:/home/abdul.hamid/Test500/CITesting/src/app/core/_services/communication/appointment.service.ts
FN:6,(anonymous_0)
FN:11,AppointmentService
FN:17,(anonymous_2)
FN:23,(anonymous_3)
FN:28,(anonymous_4)
FN:31,(anonymous_5)
FN:40,(anonymous_6)
FN:43,(anonymous_7)
FNF:8
FNH:4
FNDA:1,(anonymous_0)
FNDA:8,AppointmentService
FNDA:0,(anonymous_2)
FNDA:0,(anonymous_3)
FNDA:1,(anonymous_4)
FNDA:0,(anonymous_5)
FNDA:1,(anonymous_6)
FNDA:0,(anonymous_7)
DA:1,1
DA:2,1
DA:3,1
DA:4,1
DA:6,1
DA:8,8
DA:12,8
DA:13,8
DA:17,1
DA:18,0
DA:23,1
DA:24,0
DA:28,1
DA:29,1
DA:32,0
DA:40,1
DA:41,1
DA:44,0
DA:50,1
LF:19
LH:15
BRF:0
BRH:0
end_of_record
TN:
SF:/home/abdul.hamid/Test500/CITesting/src/app/core/_services/communication/inbox.service.ts
FN:9,(anonymous_0)
FN:22,InboxService
FN:29,(anonymous_2)
FN:32,(anonymous_3)
FN:41,(anonymous_4)
FN:44,(anonymous_5)
FN:53,(anonymous_6)
FN:56,(anonymous_7)
FN:65,(anonymous_8)
FN:68,(anonymous_9)
FN:76,(anonymous_10)
FN:82,(anonymous_11)
FN:88,(anonymous_12)
FN:94,(anonymous_13)
FN:100,(anonymous_14)
FN:113,(anonymous_15)
FN:122,(anonymous_16)
FN:125,(anonymous_17)
FNF:18
FNH:5
FNDA:1,(anonymous_0)
FNDA:12,InboxService
FNDA:1,(anonymous_2)
FNDA:0,(anonymous_3)
FNDA:0,(anonymous_4)
FNDA:0,(anonymous_5)
FNDA:0,(anonymous_6)
FNDA:0,(anonymous_7)
FNDA:1,(anonymous_8)
FNDA:0,(anonymous_9)
FNDA:0,(anonymous_10)
FNDA:0,(anonymous_11)
FNDA:0,(anonymous_12)
FNDA:0,(anonymous_13)
FNDA:0,(anonymous_14)
FNDA:0,(anonymous_15)
FNDA:1,(anonymous_16)
FNDA:0,(anonymous_17)
DA:1,1
DA:4,1
DA:5,1
DA:6,1
DA:9,1
DA:10,12
DA:15,12
DA:21,12
DA:23,12
DA:24,12
DA:29,1
DA:30,1
DA:33,0
DA:41,1
DA:42,0
DA:45,0
DA:53,1
DA:54,0
DA:57,0
DA:65,1
DA:66,1
DA:69,0
DA:76,1
DA:77,0
DA:82,1
DA:83,0
DA:88,1
DA:89,0
DA:94,1
DA:95,0
DA:100,1
DA:101,0
DA:102,0
DA:103,0
DA:105,0
DA:106,0
DA:108,0
DA:109,0
DA:111,0
DA:114,0
DA:122,1
DA:123,1
DA:126,0
DA:132,1
LF:44
LH:24
BRDA:102,0,0,0
BRDA:102,0,1,0
BRDA:105,1,0,0
BRDA:105,1,1,0
BRDA:106,2,0,0
BRDA:106,2,1,0
BRDA:108,3,0,0
BRDA:108,3,1,0
BRF:8
BRH:0
end_of_record
TN:
SF:/home/abdul.hamid/Test500/CITesting/src/app/core/_services/create/create.service.ts
FN:11,(anonymous_0)
FN:13,CreateService
FN:18,(anonymous_2)
FN:21,(anonymous_3)
FNF:4
FNH:1
FNDA:1,(anonymous_0)
FNDA:0,CreateService
FNDA:0,(anonymous_2)
FNDA:0,(anonymous_3)
DA:1,1
DA:2,1
DA:5,1
DA:6,1
DA:7,1
DA:11,1
DA:13,0
DA:14,0
DA:15,0
DA:18,1
DA:19,0
DA:22,0
DA:23,0
DA:24,0
DA:29,1
LF:15
LH:8
BRF:0
BRH:0
end_of_record
TN:
SF:/home/abdul.hamid/Test500/CITesting/src/app/core/_services/dashboard/dashboard.service.ts
FN:9,(anonymous_0)
FN:10,DashboardService
FN:15,(anonymous_2)
FN:22,(anonymous_3)
FNF:4
FNH:4
FNDA:1,(anonymous_0)
FNDA:2,DashboardService
FNDA:1,(anonymous_2)
FNDA:1,(anonymous_3)
DA:1,1
DA:3,1
DA:5,1
DA:6,1
DA:9,1
DA:10,2
DA:11,2
DA:15,1
DA:16,1
DA:17,1
DA:18,1
DA:20,1
DA:23,1
DA:27,1
LF:14
LH:14
BRDA:17,0,0,1
BRDA:17,0,1,0
BRDA:17,1,0,1
BRDA:17,1,1,1
BRF:4
BRH:3
end_of_record
TN:
SF:/home/abdul.hamid/Test500/CITesting/src/app/core/_services/dashboardWidgets/create-widget.service.ts
FN:13,(anonymous_0)
FN:19,CreateWidgetService
FN:23,(anonymous_2)
FN:29,(anonymous_3)
FN:34,(anonymous_4)
FN:47,(anonymous_5)
FN:49,(anonymous_6)
FN:60,(anonymous_7)
FN:69,(anonymous_8)
FN:72,(anonymous_9)
FN:77,(anonymous_10)
FN:82,(anonymous_11)
FN:92,(anonymous_12)
FN:94,(anonymous_13)
FN:99,(anonymous_14)
FN:101,(anonymous_15)
FN:106,(anonymous_16)
FN:115,(anonymous_17)
FN:119,(anonymous_18)
FN:124,(anonymous_19)
FN:128,(anonymous_20)
FN:132,(anonymous_21)
FNF:22
FNH:15
FNDA:1,(anonymous_0)
FNDA:5,CreateWidgetService
FNDA:5,(anonymous_2)
FNDA:11,(anonymous_3)
FNDA:1,(anonymous_4)
FNDA:0,(anonymous_5)
FNDA:0,(anonymous_6)
FNDA:1,(anonymous_7)
FNDA:1,(anonymous_8)
FNDA:0,(anonymous_9)
FNDA:1,(anonymous_10)
FNDA:3,(anonymous_11)
FNDA:1,(anonymous_12)
FNDA:0,(anonymous_13)
FNDA:0,(anonymous_14)
FNDA:0,(anonymous_15)
FNDA:15,(anonymous_16)
FNDA:12,(anonymous_17)
FNDA:1,(anonymous_18)
FNDA:1,(anonymous_19)
FNDA:1,(anonymous_20)
FNDA:0,(anonymous_21)
DA:1,1
DA:2,1
DA:4,1
DA:7,1
DA:8,1
DA:9,1
DA:13,1
DA:17,5
DA:19,5
DA:20,5
DA:21,5
DA:22,5
DA:23,5
DA:24,5
DA:26,5
DA:29,1
DA:30,11
DA:31,11
DA:34,1
DA:35,1
DA:47,1
DA:48,0
DA:50,0
DA:51,0
DA:52,0
DA:53,0
DA:54,0
DA:55,0
DA:60,1
DA:61,1
DA:62,1
DA:63,1
DA:64,1
DA:65,1
DA:68,1
DA:71,1
DA:77,1
DA:78,1
DA:79,1
DA:80,1
DA:82,1
DA:83,3
DA:85,1
DA:86,1
DA:87,1
DA:88,1
DA:91,1
DA:93,1
DA:99,1
DA:100,0
DA:102,0
DA:103,0
DA:106,1
DA:107,15
DA:108,15
DA:109,15
DA:110,15
DA:115,1
DA:116,12
DA:119,1
DA:120,1
DA:121,1
DA:124,1
DA:125,1
DA:128,1
DA:129,1
DA:132,1
DA:147,1
LF:68
LH:58
BRDA:63,0,0,1
BRDA:63,0,1,0
BRDA:80,1,0,1
BRDA:80,1,1,0
BRDA:109,2,0,15
BRDA:109,2,1,0
BRF:6
BRH:3
end_of_record
TN:
SF:/home/abdul.hamid/Test500/CITesting/src/app/core/_services/dyn-module/dyn-module.service.ts
FN:8,(anonymous_0)
FN:11,DynModuleService
FN:16,(anonymous_2)
FN:24,(anonymous_3)
FN:33,(anonymous_4)
FN:36,(anonymous_5)
FN:44,(anonymous_6)
FN:51,(anonymous_7)
FN:59,(anonymous_8)
FN:79,(anonymous_9)
FN:85,(anonymous_10)
FN:89,(anonymous_11)
FN:94,(anonymous_12)
FN:98,(anonymous_13)
FN:103,(anonymous_14)
FN:107,(anonymous_15)
FNF:16
FNH:2
FNDA:1,(anonymous_0)
FNDA:5,DynModuleService
FNDA:0,(anonymous_2)
FNDA:0,(anonymous_3)
FNDA:0,(anonymous_4)
FNDA:0,(anonymous_5)
FNDA:0,(anonymous_6)
FNDA:0,(anonymous_7)
FNDA:0,(anonymous_8)
FNDA:0,(anonymous_9)
FNDA:0,(anonymous_10)
FNDA:0,(anonymous_11)
FNDA:0,(anonymous_12)
FNDA:0,(anonymous_13)
FNDA:0,(anonymous_14)
FNDA:0,(anonymous_15)
DA:1,1
DA:3,1
DA:4,1
DA:5,1
DA:8,1
DA:11,5
DA:16,1
DA:17,0
DA:18,0
DA:20,0
DA:22,0
DA:25,0
DA:33,1
DA:34,0
DA:37,0
DA:38,0
DA:44,1
DA:45,0
DA:46,0
DA:48,0
DA:50,0
DA:52,0
DA:53,0
DA:59,1
DA:60,0
DA:61,0
DA:63,0
DA:65,0
DA:66,0
DA:67,0
DA:69,0
DA:70,0
DA:72,0
DA:73,0
DA:74,0
DA:77,0
DA:80,0
DA:85,1
DA:86,0
DA:87,0
DA:90,0
DA:91,0
DA:94,1
DA:95,0
DA:96,0
DA:99,0
DA:103,1
DA:104,0
DA:105,0
DA:108,0
DA:109,0
DA:112,1
LF:52
LH:14
BRDA:17,0,0,0
BRDA:17,0,1,0
BRDA:37,1,0,0
BRDA:37,1,1,0
BRDA:37,2,0,0
BRDA:37,2,1,0
BRDA:45,3,0,0
BRDA:45,3,1,0
BRDA:60,4,0,0
BRDA:60,4,1,0
BRDA:66,5,0,0
BRDA:66,5,1,0
BRDA:69,6,0,0
BRDA:69,6,1,0
BRDA:72,7,0,0
BRDA:72,7,1,0
BRDA:90,8,0,0
BRDA:90,8,1,0
BRDA:90,9,0,0
BRDA:90,9,1,0
BRF:20
BRH:0
end_of_record
TN:
SF:/home/abdul.hamid/Test500/CITesting/src/app/core/_services/dyn-module-graphs/dyn-modulegraph.service.ts
FN:7,(anonymous_0)
FN:9,DynModulesGraphService
FN:13,(anonymous_2)
FN:16,(anonymous_3)
FNF:4
FNH:2
FNDA:1,(anonymous_0)
FNDA:2,DynModulesGraphService
FNDA:0,(anonymous_2)
FNDA:0,(anonymous_3)
DA:1,1
DA:2,1
DA:3,1
DA:4,1
DA:7,1
DA:9,2
DA:10,2
DA:13,1
DA:14,0
DA:17,0
DA:22,1
LF:11
LH:9
BRF:0
BRH:0
end_of_record
TN:
SF:/home/abdul.hamid/Test500/CITesting/src/app/core/_services/dyn-modulesmap/dyn-modulesmap.service.ts
FN:8,(anonymous_0)
FN:10,DynModulesmapService
FN:17,(anonymous_2)
FN:20,(anonymous_3)
FNF:4
FNH:2
FNDA:1,(anonymous_0)
FNDA:2,DynModulesmapService
FNDA:0,(anonymous_2)
FNDA:0,(anonymous_3)
DA:1,1
DA:2,1
DA:3,1
DA:4,1
DA:8,1
DA:10,2
DA:11,2
DA:17,1
DA:18,0
DA:21,0
DA:27,1
LF:11
LH:9
BRF:0
BRH:0
end_of_record
TN:
SF:/home/abdul.hamid/Test500/CITesting/src/app/core/_services/filtertext/filter-text.service.ts
FN:6,(anonymous_0)
FN:11,FilterTextService
FN:17,(anonymous_2)
FN:21,(anonymous_3)
FN:27,(anonymous_4)
FNF:5
FNH:4
FNDA:1,(anonymous_0)
FNDA:1,FilterTextService
FNDA:0,(anonymous_2)
FNDA:5,(anonymous_3)
FNDA:16,(anonymous_4)
DA:1,1
DA:3,1
DA:6,1
DA:9,1
DA:12,1
DA:17,1
DA:18,0
DA:21,1
DA:24,5
DA:25,4
DA:27,4
DA:28,16
DA:29,19
DA:30,19
DA:31,4
DA:32,4
DA:35,16
DA:38,4
DA:40,1
DA:43,5
DA:45,1
LF:21
LH:20
BRDA:24,0,0,4
BRDA:24,0,1,1
BRDA:24,1,0,5
BRDA:24,1,1,4
BRDA:24,1,2,4
BRDA:30,2,0,4
BRDA:30,2,1,15
BRF:7
BRH:7
end_of_record
TN:
SF:/home/abdul.hamid/Test500/CITesting/src/app/core/_services/forgot_password/forgot-password.service.ts
FN:10,(anonymous_0)
FN:14,ForgotPasswordService
FN:18,(anonymous_2)
FN:20,(anonymous_3)
FN:38,(anonymous_4)
FN:41,(anonymous_5)
FN:44,(anonymous_6)
FNF:7
FNH:5
FNDA:1,(anonymous_0)
FNDA:4,ForgotPasswordService
FNDA:0,(anonymous_2)
FNDA:0,(anonymous_3)
FNDA:1,(anonymous_4)
FNDA:1,(anonymous_5)
FNDA:1,(anonymous_6)
DA:1,1
DA:4,1
DA:6,1
DA:7,1
DA:10,1
DA:14,4
DA:15,4
DA:18,1
DA:19,0
DA:21,0
DA:22,0
DA:23,0
DA:25,0
DA:26,0
DA:27,0
DA:28,0
DA:29,0
DA:30,0
DA:31,0
DA:38,1
DA:39,1
DA:41,1
DA:42,1
DA:44,1
DA:45,1
DA:46,1
DA:48,1
LF:27
LH:16
BRDA:22,0,0,0
BRDA:22,0,1,0
BRDA:22,1,0,0
BRDA:22,1,1,0
BRDA:25,2,0,0
BRDA:25,2,1,0
BRDA:27,3,0,0
BRDA:27,3,1,0
BRDA:27,4,0,0
BRDA:27,4,1,0
BRDA:27,4,2,0
BRDA:30,5,0,0
BRDA:30,5,1,0
BRDA:30,6,0,0
BRDA:30,6,1,0
BRDA:30,6,2,0
BRF:16
BRH:0
end_of_record
TN:
SF:/home/abdul.hamid/Test500/CITesting/src/app/core/_services/global_create/global-create.service.ts
FN:7,(anonymous_0)
FN:9,GlobalCreateService
FN:14,(anonymous_2)
FN:31,(anonymous_3)
FN:41,(anonymous_4)
FNF:5
FNH:2
FNDA:1,(anonymous_0)
FNDA:1,GlobalCreateService
FNDA:0,(anonymous_2)
FNDA:0,(anonymous_3)
FNDA:0,(anonymous_4)
DA:1,1
DA:2,1
DA:3,1
DA:4,1
DA:7,1
DA:10,1
DA:11,1
DA:14,1
DA:17,0
DA:18,0
DA:20,0
DA:21,0
DA:23,0
DA:24,0
DA:26,0
DA:28,0
DA:29,0
DA:32,0
DA:38,0
DA:39,0
DA:42,0
DA:53,1
LF:22
LH:9
BRDA:17,0,0,0
BRDA:17,0,1,0
BRDA:20,1,0,0
BRDA:20,1,1,0
BRDA:23,2,0,0
BRDA:23,2,1,0
BRDA:28,3,0,0
BRDA:28,3,1,0
BRDA:38,4,0,0
BRDA:38,4,1,0
BRF:10
BRH:0
end_of_record
TN:
SF:/home/abdul.hamid/Test500/CITesting/src/app/core/_services/global_search/global.service.ts
FN:10,(anonymous_0)
FN:13,GlobalService
FN:21,(anonymous_2)
FN:25,(anonymous_3)
FN:37,(anonymous_4)
FN:49,(anonymous_5)
FN:56,(anonymous_6)
FNF:7
FNH:4
FNDA:1,(anonymous_0)
FNDA:9,GlobalService
FNDA:1,(anonymous_2)
FNDA:4,(anonymous_3)
FNDA:0,(anonymous_4)
FNDA:0,(anonymous_5)
FNDA:0,(anonymous_6)
DA:1,1
DA:6,1
DA:7,1
DA:10,1
DA:11,9
DA:13,9
DA:14,9
DA:21,1
DA:22,1
DA:24,1
DA:25,1
DA:26,4
DA:27,4
DA:28,4
DA:29,4
DA:31,0
DA:35,1
DA:38,0
DA:39,0
DA:49,1
DA:50,0
DA:56,1
DA:57,0
DA:60,1
LF:24
LH:19
BRDA:26,0,0,4
BRDA:26,0,1,0
BRDA:28,1,0,1
BRDA:28,1,1,3
BRF:4
BRH:3
end_of_record
TN:
SF:/home/abdul.hamid/Test500/CITesting/src/app/core/_services/loading/loading.service.ts
FN:7,(anonymous_0)
FN:11,LoadingService
FN:15,(anonymous_2)
FN:29,(anonymous_3)
FNF:4
FNH:1
FNDA:1,(anonymous_0)
FNDA:0,LoadingService
FNDA:0,(anonymous_2)
FNDA:0,(anonymous_3)
DA:1,1
DA:2,1
DA:4,1
DA:7,1
DA:11,0
DA:15,1
DA:16,0
DA:17,0
DA:19,0
DA:20,0
DA:21,0
DA:22,0
DA:23,0
DA:24,0
DA:29,1
DA:30,0
DA:31,0
DA:34,1
LF:18
LH:7
BRDA:16,0,0,0
BRDA:16,0,1,0
BRDA:30,1,0,0
BRDA:30,1,1,0
BRF:4
BRH:0
end_of_record
TN:
SF:/home/abdul.hamid/Test500/CITesting/src/app/core/_services/login/login.service.ts
FN:10,(anonymous_0)
FN:12,LoginService
FN:16,(anonymous_2)
FN:19,(anonymous_3)
FN:25,(anonymous_4)
FNF:5
FNH:2
FNDA:1,(anonymous_0)
FNDA:6,LoginService
FNDA:0,(anonymous_2)
FNDA:0,(anonymous_3)
FNDA:0,(anonymous_4)
DA:1,1
DA:2,1
DA:6,1
DA:7,1
DA:10,1
DA:12,6
DA:13,6
DA:16,1
DA:17,0
DA:20,0
DA:21,0
DA:25,0
DA:27,1
LF:13
LH:9
BRF:0
BRH:0
end_of_record
TN:
SF:/home/abdul.hamid/Test500/CITesting/src/app/core/_services/nav/nav.service.ts
FN:12,(anonymous_0)
FN:13,NavService
FN:20,(anonymous_2)
FN:24,(anonymous_3)
FN:25,(anonymous_4)
FN:32,(anonymous_5)
FN:35,(anonymous_6)
FNF:7
FNH:2
FNDA:1,(anonymous_0)
FNDA:1,NavService
FNDA:0,(anonymous_2)
FNDA:0,(anonymous_3)
FNDA:0,(anonymous_4)
FNDA:0,(anonymous_5)
FNDA:0,(anonymous_6)
DA:1,1
DA:2,1
DA:3,1
DA:6,1
DA:7,1
DA:8,1
DA:9,1
DA:12,1
DA:13,1
DA:14,1
DA:15,1
DA:16,1
DA:17,1
DA:20,1
DA:22,0
DA:23,0
DA:24,0
DA:25,0
DA:30,0
DA:32,0
DA:35,0
DA:39,1
LF:22
LH:15
BRDA:22,0,0,0
BRDA:22,0,1,0
BRF:2
BRH:0
end_of_record
TN:
SF:/home/abdul.hamid/Test500/CITesting/src/app/core/_services/node-display/node-display.service.ts
FN:5,(anonymous_0)
FN:4,NodeDisplayService
FN:10,(anonymous_2)
FN:14,(anonymous_3)
FNF:4
FNH:2
FNDA:1,(anonymous_0)
FNDA:1,NodeDisplayService
FNDA:0,(anonymous_2)
FNDA:0,(anonymous_3)
DA:1,1
DA:2,1
DA:5,1
DA:6,1
DA:7,1
DA:10,1
DA:11,0
DA:14,1
DA:15,0
DA:18,1
LF:10
LH:8
BRF:0
BRH:0
end_of_record
TN:
SF:/home/abdul.hamid/Test500/CITesting/src/app/core/_services/notifications/notification.service.ts
FN:4,(anonymous_0)
FN:8,(anonymous_2)
FN:12,(anonymous_3)
FN:17,(anonymous_4)
FN:22,(anonymous_5)
FN:33,(anonymous_6)
FNF:6
FNH:1
FNDA:1,(anonymous_0)
FNDA:0,(anonymous_2)
FNDA:0,(anonymous_3)
FNDA:0,(anonymous_4)
FNDA:0,(anonymous_5)
FNDA:0,(anonymous_6)
DA:1,1
DA:4,1
DA:8,1
DA:9,0
DA:10,0
DA:12,0
DA:13,0
DA:17,0
DA:18,0
DA:22,0
DA:24,0
DA:25,0
DA:26,0
DA:28,0
DA:33,0
DA:35,0
DA:38,0
DA:42,0
DA:47,1
LF:19
LH:4
BRDA:24,0,0,0
BRDA:24,0,1,0
BRDA:24,1,0,0
BRDA:24,1,1,0
BRF:4
BRH:0
end_of_record
TN:
SF:/home/abdul.hamid/Test500/CITesting/src/app/core/_services/palette/palette-configurator.service.ts
FN:10,(anonymous_0)
FN:9,PaletteConfiguratorService
FN:14,(anonymous_2)
FN:33,(anonymous_3)
FN:39,(anonymous_4)
FN:45,nativeSupport
FN:51,refRE
FN:55,(anonymous_7)
FNF:8
FNH:5
FNDA:1,(anonymous_0)
FNDA:1,PaletteConfiguratorService
FNDA:2,(anonymous_2)
FNDA:2,(anonymous_3)
FNDA:0,(anonymous_4)
FNDA:2,nativeSupport
FNDA:0,refRE
FNDA:0,(anonymous_7)
DA:6,1
DA:8,1
DA:10,1
DA:12,1
DA:14,1
DA:15,2
DA:26,2
DA:27,2
DA:33,2
DA:34,2
DA:35,2
DA:36,2
DA:38,2
DA:39,0
DA:40,0
DA:42,0
DA:46,2
DA:47,2
DA:48,2
DA:52,0
DA:55,2
DA:56,0
DA:59,0
DA:60,0
DA:61,0
DA:64,0
DA:67,1
LF:27
LH:18
BRDA:26,0,0,2
BRDA:26,0,1,0
BRDA:36,1,0,2
BRDA:36,1,1,0
BRDA:38,2,0,0
BRDA:38,2,1,2
BRDA:56,3,0,0
BRDA:56,3,1,0
BRDA:61,4,0,0
BRDA:61,4,1,0
BRF:10
BRH:3
end_of_record
TN:
SF:/home/abdul.hamid/Test500/CITesting/src/app/core/_services/palette/palette-fetcher.service.ts
FN:10,(anonymous_0)
FN:12,PaletteFetcherService
FN:16,(anonymous_2)
FN:19,(anonymous_3)
FN:24,(anonymous_4)
FN:27,(anonymous_5)
FNF:6
FNH:1
FNDA:1,(anonymous_0)
FNDA:0,PaletteFetcherService
FNDA:0,(anonymous_2)
FNDA:0,(anonymous_3)
FNDA:0,(anonymous_4)
FNDA:0,(anonymous_5)
DA:1,1
DA:2,1
DA:6,1
DA:7,1
DA:10,1
DA:12,0
DA:13,0
DA:16,1
DA:17,0
DA:19,0
DA:24,1
DA:25,0
DA:27,0
DA:30,1
LF:14
LH:8
BRF:0
BRH:0
end_of_record
TN:
SF:/home/abdul.hamid/Test500/CITesting/src/app/core/_services/tasklist/task-list.service.ts
FN:7,(anonymous_0)
FN:8,(anonymous_2)
FN:10,(anonymous_3)
FN:10,(anonymous_4)
FN:14,(anonymous_5)
FN:16,(anonymous_6)
FN:16,(anonymous_7)
FN:19,(anonymous_8)
FN:23,(anonymous_9)
FNF:9
FNH:1
FNDA:1,(anonymous_0)
FNDA:0,(anonymous_2)
FNDA:0,(anonymous_3)
FNDA:0,(anonymous_4)
FNDA:0,(anonymous_5)
FNDA:0,(anonymous_6)
FNDA:0,(anonymous_7)
FNDA:0,(anonymous_8)
FNDA:0,(anonymous_9)
DA:1,1
DA:4,1
DA:7,1
DA:8,1
DA:9,0
DA:10,0
DA:11,0
DA:14,1
DA:15,0
DA:16,0
DA:19,1
DA:20,0
DA:23,1
DA:25,0
DA:26,0
DA:29,1
LF:16
LH:8
BRDA:25,0,0,0
BRDA:25,0,1,0
BRF:2
BRH:0
end_of_record
TN:
SF:/home/abdul.hamid/Test500/CITesting/src/app/core/_services/translate/translate.service.ts
FN:5,(anonymous_0)
FN:23,TranslateService
FN:11,(anonymous_2)
FN:18,(anonymous_3)
FN:26,(anonymous_4)
FN:31,(anonymous_5)
FN:36,(anonymous_6)
FN:41,(anonymous_7)
FNF:8
FNH:8
FNDA:1,(anonymous_0)
FNDA:7,TranslateService
FNDA:5,(anonymous_2)
FNDA:1,(anonymous_3)
FNDA:2,(anonymous_4)
FNDA:2,(anonymous_5)
FNDA:1,(anonymous_6)
FNDA:3,(anonymous_7)
DA:1,1
DA:2,1
DA:5,1
DA:7,1
DA:9,7
DA:11,1
DA:12,5
DA:13,3
DA:15,2
DA:19,1
DA:23,7
DA:26,1
DA:28,2
DA:31,1
DA:33,2
DA:36,1
DA:38,1
DA:41,1
DA:43,3
DA:45,3
DA:46,2
DA:49,1
DA:51,1
LF:23
LH:23
BRDA:12,0,0,3
BRDA:12,0,1,2
BRDA:45,1,0,2
BRDA:45,1,1,1
BRDA:45,2,0,3
BRDA:45,2,1,3
BRF:6
BRH:6
end_of_record
TN:
SF:/home/abdul.hamid/Test500/CITesting/src/app/core/_services/translate/translations.ts
FNF:0
FNH:0
DA:3,1
DA:6,1
DA:7,1
DA:8,1
DA:10,1
DA:13,1
DA:14,1
DA:15,1
DA:17,1
DA:18,1
DA:19,1
DA:20,1
DA:23,1
LF:13
LH:13
BRF:0
BRH:0
end_of_record
TN:
SF:/home/abdul.hamid/Test500/CITesting/src/app/core/_services/utils/exception.service.ts
FN:6,(anonymous_0)
FN:8,(anonymous_2)
FNF:2
FNH:2
FNDA:46,(anonymous_0)
FNDA:6,(anonymous_2)
DA:1,1
DA:3,1
DA:6,1
DA:8,1
DA:9,6
DA:10,6
DA:11,0
DA:17,0
DA:19,1
LF:9
LH:7
BRDA:12,0,0,0
BRDA:12,0,1,0
BRDA:12,1,0,0
BRDA:12,1,1,0
BRDA:13,2,0,0
BRDA:13,2,1,0
BRF:6
BRH:0
end_of_record
TN:
SF:/home/abdul.hamid/Test500/CITesting/src/app/core/_services/utils/form.service.ts
FN:7,(anonymous_0)
FN:6,FormService
FN:10,(anonymous_2)
FNF:3
FNH:1
FNDA:1,(anonymous_0)
FNDA:0,FormService
FNDA:0,(anonymous_2)
DA:1,1
DA:2,1
DA:4,1
DA:7,1
DA:8,0
DA:10,1
DA:11,0
DA:12,0
DA:13,0
DA:14,0
DA:15,0
DA:16,0
DA:17,0
DA:18,0
DA:19,0
DA:20,0
DA:29,0
DA:31,0
DA:32,0
DA:33,0
DA:34,0
DA:35,0
DA:36,0
DA:37,0
DA:38,0
DA:39,0
DA:41,0
DA:42,0
DA:48,0
DA:55,0
DA:57,1
LF:31
LH:6
BRDA:14,0,0,0
BRDA:14,0,1,0
BRDA:16,1,0,0
BRDA:16,1,1,0
BRDA:19,2,0,0
BRDA:19,2,1,0
BRDA:36,3,0,0
BRDA:36,3,1,0
BRDA:38,4,0,0
BRDA:38,4,1,0
BRF:10
BRH:0
end_of_record
TN:
SF:/home/abdul.hamid/Test500/CITesting/src/app/core/_services/utils/meta.service.ts
FN:8,(anonymous_0)
FN:10,MetaService
FN:13,(anonymous_2)
FN:21,(anonymous_3)
FNF:4
FNH:2
FNDA:1,(anonymous_0)
FNDA:3,MetaService
FNDA:0,(anonymous_2)
FNDA:0,(anonymous_3)
DA:1,1
DA:2,1
DA:8,1
DA:10,3
DA:13,1
DA:14,0
DA:18,0
DA:21,1
DA:24,0
DA:25,0
DA:26,0
DA:32,1
LF:12
LH:7
BRF:0
BRH:0
end_of_record
TN:
SF:/home/abdul.hamid/Test500/CITesting/src/app/core/_services/utils/sorter.service.ts
FN:11,(anonymous_0)
FN:16,SorterService
FN:21,(anonymous_2)
FN:27,(anonymous_3)
FN:59,(anonymous_4)
FN:63,(anonymous_5)
FN:67,(anonymous_6)
FN:68,(anonymous_7)
FN:75,(anonymous_8)
FNF:9
FNH:9
FNDA:1,(anonymous_0)
FNDA:1,SorterService
FNDA:3,(anonymous_2)
FNDA:34,(anonymous_3)
FNDA:3,(anonymous_4)
FNDA:68,(anonymous_5)
FNDA:68,(anonymous_6)
FNDA:68,(anonymous_7)
FNDA:3,(anonymous_8)
DA:7,1
DA:11,1
DA:12,1
DA:13,1
DA:14,1
DA:21,6
DA:22,3
DA:23,3
DA:25,3
DA:27,3
DA:32,34
DA:33,34
DA:34,34
DA:36,0
DA:37,0
DA:41,34
DA:42,34
DA:44,34
DA:45,34
DA:48,34
DA:49,6
DA:50,28
DA:51,28
DA:53,0
DA:59,1
DA:60,3
DA:63,1
DA:64,68
DA:67,1
DA:68,68
DA:69,68
DA:75,1
DA:76,3
DA:77,1
DA:78,1
DA:80,2
DA:81,2
DA:84,1
LF:38
LH:35
BRDA:21,0,0,3
BRDA:21,0,1,0
BRDA:22,1,0,3
BRDA:22,1,1,0
BRDA:32,2,0,34
BRDA:32,2,1,0
BRDA:32,3,0,34
BRDA:32,3,1,34
BRDA:41,4,0,34
BRDA:41,4,1,0
BRDA:44,5,0,34
BRDA:44,5,1,0
BRDA:48,6,0,6
BRDA:48,6,1,28
BRDA:50,7,0,28
BRDA:50,7,1,0
BRDA:64,8,0,68
BRDA:64,8,1,68
BRDA:64,8,2,0
BRDA:69,9,0,68
BRDA:69,9,1,0
BRDA:70,10,0,68
BRDA:70,10,1,0
BRDA:76,11,0,1
BRDA:76,11,1,2
BRF:25
BRH:16
end_of_record
TN:
SF:/home/abdul.hamid/Test500/CITesting/src/app/modules/audio/audio.component.ts
FN:8,(anonymous_0)
FN:10,AudioComponent
FNF:2
FNH:2
FNDA:1,(anonymous_0)
FNDA:1,AudioComponent
DA:1,1
DA:8,1
DA:9,1
DA:13,1
LF:4
LH:4
BRF:0
BRH:0
end_of_record
TN:
SF:/home/abdul.hamid/Test500/CITesting/src/app/modules/carousel/carousel.component.ts
FN:36,(anonymous_0)
FN:9,CarouselComponent
FN:41,(anonymous_2)
FN:64,(anonymous_3)
FN:70,(anonymous_4)
FN:77,(anonymous_5)
FN:81,(anonymous_6)
FNF:7
FNH:4
FNDA:1,(anonymous_0)
FNDA:8,CarouselComponent
FNDA:3,(anonymous_2)
FNDA:0,(anonymous_3)
FNDA:0,(anonymous_4)
FNDA:0,(anonymous_5)
FNDA:3,(anonymous_6)
DA:1,1
DA:36,1
DA:37,8
DA:38,1
DA:39,1
DA:40,8
DA:41,1
DA:43,3
DA:44,3
DA:45,0
DA:48,3
DA:49,0
DA:50,0
DA:51,0
DA:53,3
DA:54,3
DA:55,3
DA:56,3
DA:60,3
DA:61,3
DA:64,1
DA:65,0
DA:66,0
DA:67,0
DA:70,1
DA:71,0
DA:72,0
DA:73,0
DA:77,1
DA:78,0
DA:81,1
DA:82,3
DA:85,1
LF:33
LH:22
BRDA:44,0,0,0
BRDA:44,0,1,3
BRDA:48,1,0,0
BRDA:48,1,1,3
BRDA:53,2,0,3
BRDA:53,2,1,0
BRDA:65,3,0,0
BRDA:65,3,1,0
BRDA:71,4,0,0
BRDA:71,4,1,0
BRF:10
BRH:3
end_of_record
TN:
SF:/home/abdul.hamid/Test500/CITesting/src/app/modules/communication/appointment-details/appointment-details.component.ts
FN:11,(anonymous_0)
FN:15,AppointmentDetailsComponent
FN:18,(anonymous_2)
FN:19,(anonymous_3)
FN:22,(anonymous_4)
FNF:5
FNH:1
FNDA:1,(anonymous_0)
FNDA:0,AppointmentDetailsComponent
FNDA:0,(anonymous_2)
FNDA:0,(anonymous_3)
FNDA:0,(anonymous_4)
DA:1,1
DA:2,1
DA:3,1
DA:11,1
DA:13,0
DA:15,0
DA:16,0
DA:18,1
DA:19,0
DA:20,0
DA:21,0
DA:23,0
DA:27,1
LF:13
LH:6
BRF:0
BRH:0
end_of_record
TN:
SF:/home/abdul.hamid/Test500/CITesting/src/app/modules/communication/appointments/appointments.component.ts
FN:13,(anonymous_0)
FN:20,AppointmentsComponent
FN:25,(anonymous_2)
FN:33,(anonymous_3)
FN:39,(anonymous_4)
FN:42,(anonymous_5)
FN:55,(anonymous_6)
FN:60,(anonymous_7)
FN:64,(anonymous_8)
FNF:9
FNH:1
FNDA:1,(anonymous_0)
FNDA:0,AppointmentsComponent
FNDA:0,(anonymous_2)
FNDA:0,(anonymous_3)
FNDA:0,(anonymous_4)
FNDA:0,(anonymous_5)
FNDA:0,(anonymous_6)
FNDA:0,(anonymous_7)
FNDA:0,(anonymous_8)
DA:1,1
DA:5,1
DA:13,1
DA:14,1
DA:15,0
DA:16,0
DA:18,0
DA:20,0
DA:21,0
DA:23,0
DA:24,0
DA:25,0
DA:26,0
DA:29,0
DA:30,0
DA:31,0
DA:33,0
DA:34,0
DA:39,1
DA:41,0
DA:42,0
DA:43,0
DA:44,0
DA:45,0
DA:46,0
DA:48,0
DA:55,1
DA:57,0
DA:58,0
DA:59,0
DA:60,0
DA:61,0
DA:64,1
DA:66,0
DA:69,0
DA:71,1
LF:36
LH:8
BRDA:23,0,0,0
BRDA:23,0,1,0
BRDA:41,1,0,0
BRDA:41,1,1,0
BRDA:43,2,0,0
BRDA:43,2,1,0
BRDA:44,3,0,0
BRDA:44,3,1,0
BRF:8
BRH:0
end_of_record
TN:
SF:/home/abdul.hamid/Test500/CITesting/src/app/modules/communication/inbox-details/inbox-details.component.ts
FN:19,(anonymous_0)
FN:35,InboxDetailsComponent
FN:47,(anonymous_2)
FN:48,(anonymous_3)
FN:50,(anonymous_4)
FN:55,(anonymous_5)
FN:57,(anonymous_6)
FN:65,(anonymous_7)
FN:71,(anonymous_8)
FN:77,(anonymous_9)
FN:81,(anonymous_10)
FN:95,(anonymous_11)
FN:147,(anonymous_12)
FNF:13
FNH:1
FNDA:1,(anonymous_0)
FNDA:0,InboxDetailsComponent
FNDA:0,(anonymous_2)
FNDA:0,(anonymous_3)
FNDA:0,(anonymous_4)
FNDA:0,(anonymous_5)
FNDA:0,(anonymous_6)
FNDA:0,(anonymous_7)
FNDA:0,(anonymous_8)
FNDA:0,(anonymous_9)
FNDA:0,(anonymous_10)
FNDA:0,(anonymous_11)
FNDA:0,(anonymous_12)
DA:1,1
DA:2,1
DA:3,1
DA:4,1
DA:5,1
DA:6,1
DA:9,1
DA:19,1
DA:21,0
DA:31,0
DA:35,0
DA:36,0
DA:37,0
DA:38,0
DA:39,0
DA:41,0
DA:42,0
DA:43,0
DA:44,0
DA:47,1
DA:48,0
DA:49,0
DA:50,0
DA:51,0
DA:55,0
DA:56,0
DA:57,0
DA:58,0
DA:65,1
DA:66,0
DA:67,0
DA:68,0
DA:69,0
DA:70,0
DA:71,0
DA:72,0
DA:77,1
DA:78,0
DA:79,0
DA:80,0
DA:81,0
DA:82,0
DA:83,0
DA:84,0
DA:85,0
DA:87,0
DA:95,1
DA:97,0
DA:99,0
DA:103,0
DA:106,0
DA:110,0
DA:113,0
DA:117,0
DA:121,0
DA:125,0
DA:128,0
DA:132,0
DA:135,0
DA:140,0
DA:147,1
DA:148,0
DA:150,1
LF:63
LH:14
BRDA:56,0,0,0
BRDA:56,0,1,0
BRDA:82,1,0,0
BRDA:82,1,1,0
BRDA:84,2,0,0
BRDA:84,2,1,0
BRDA:98,3,0,0
BRDA:98,3,1,0
BRDA:98,3,2,0
BRDA:98,3,3,0
BRDA:98,3,4,0
BRDA:98,3,5,0
BRDA:98,3,6,0
BRF:13
BRH:0
end_of_record
TN:
SF:/home/abdul.hamid/Test500/CITesting/src/app/modules/dashboard/dashboard-dialogue/dashboard-dialogue.component.ts
FN:12,(anonymous_0)
FN:17,DashboardDialogueComponent
FN:21,(anonymous_2)
FN:23,(anonymous_3)
FN:30,(anonymous_4)
FN:35,(anonymous_5)
FNF:6
FNH:1
FNDA:1,(anonymous_0)
FNDA:0,DashboardDialogueComponent
FNDA:0,(anonymous_2)
FNDA:0,(anonymous_3)
FNDA:0,(anonymous_4)
FNDA:0,(anonymous_5)
DA:1,1
DA:2,1
DA:4,1
DA:12,1
DA:17,0
DA:18,0
DA:21,1
DA:23,0
DA:24,0
DA:30,1
DA:31,0
DA:35,1
DA:36,0
DA:38,1
LF:14
LH:8
BRF:0
BRH:0
end_of_record
TN:
SF:/home/abdul.hamid/Test500/CITesting/src/app/modules/dialog/dialog.component.ts
FN:11,(anonymous_0)
FN:17,DialogComponent
FN:21,(anonymous_2)
FNF:3
FNH:1
FNDA:1,(anonymous_0)
FNDA:0,DialogComponent
FNDA:0,(anonymous_2)
DA:1,1
DA:2,1
DA:3,1
DA:11,1
DA:17,0
DA:18,0
DA:21,1
DA:22,0
DA:23,0
DA:26,1
LF:10
LH:6
BRDA:22,0,0,0
BRDA:22,0,1,0
BRF:2
BRH:0
end_of_record
TN:
SF:/home/abdul.hamid/Test500/CITesting/src/app/modules/dyn-module-summary/dyn-module-summary.component.ts
FN:8,(anonymous_0)
FNF:1
FNH:1
FNDA:2,(anonymous_0)
DA:1,1
DA:8,1
DA:9,1
LF:3
LH:3
BRF:0
BRH:0
end_of_record
TN:
SF:/home/abdul.hamid/Test500/CITesting/src/app/modules/dyn-module-summary/dyn-module-summary-list/dyn-module-summary-list.component.ts
FN:8,(anonymous_0)
FNF:1
FNH:1
FNDA:2,(anonymous_0)
DA:1,1
DA:8,1
DA:10,1
LF:3
LH:3
BRF:0
BRH:0
end_of_record
TN:
SF:/home/abdul.hamid/Test500/CITesting/src/app/modules/dyn-module/accordion/accordion.component.ts
FN:8,(anonymous_0)
FN:17,AccordionComponent
FN:20,(anonymous_2)
FN:31,(anonymous_3)
FN:39,(anonymous_4)
FN:46,(anonymous_5)
FNF:6
FNH:1
FNDA:1,(anonymous_0)
FNDA:0,AccordionComponent
FNDA:0,(anonymous_2)
FNDA:0,(anonymous_3)
FNDA:0,(anonymous_4)
FNDA:0,(anonymous_5)
DA:1,1
DA:8,1
DA:9,0
DA:10,0
DA:11,0
DA:12,1
DA:13,1
DA:14,1
DA:15,1
DA:20,1
DA:22,0
DA:23,0
DA:24,0
DA:25,0
DA:26,0
DA:27,0
DA:28,0
DA:29,0
DA:31,1
DA:32,0
DA:33,0
DA:34,0
DA:35,0
DA:37,0
DA:39,0
DA:40,0
DA:46,1
DA:47,0
DA:57,1
LF:29
LH:10
BRDA:33,0,0,0
BRDA:33,0,1,0
BRF:2
BRH:0
end_of_record
TN:
SF:/home/abdul.hamid/Test500/CITesting/src/app/modules/dyn-module/accordion/accordion-group/accordion-group.component.ts
FN:11,(anonymous_0)
FN:16,AccordionGroupComponent
FN:19,(anonymous_2)
FNF:3
FNH:1
FNDA:1,(anonymous_0)
FNDA:0,AccordionGroupComponent
FNDA:0,(anonymous_2)
DA:1,1
DA:2,1
DA:11,1
DA:12,1
DA:13,1
DA:14,1
DA:16,0
DA:17,0
DA:19,1
DA:20,0
DA:22,1
LF:11
LH:8
BRF:0
BRH:0
end_of_record
TN:
SF:/home/abdul.hamid/Test500/CITesting/src/app/modules/dyn-module/dyn-module-dailogue/dyn-module-dailogue.component.ts
FN:14,(anonymous_0)
FN:24,DynModuleDailogueComponent
FN:30,(anonymous_2)
FN:37,(anonymous_3)
FN:42,(anonymous_4)
FN:45,(anonymous_5)
FN:47,(anonymous_6)
FNF:7
FNH:1
FNDA:1,(anonymous_0)
FNDA:0,DynModuleDailogueComponent
FNDA:0,(anonymous_2)
FNDA:0,(anonymous_3)
FNDA:0,(anonymous_4)
FNDA:0,(anonymous_5)
FNDA:0,(anonymous_6)
DA:1,1
DA:2,1
DA:3,1
DA:5,1
DA:6,1
DA:14,1
DA:17,0
DA:18,0
DA:24,0
DA:25,0
DA:26,0
DA:27,0
DA:30,1
DA:31,0
DA:32,0
DA:33,0
DA:34,0
DA:35,0
DA:37,0
DA:38,0
DA:42,1
DA:43,0
DA:45,1
DA:46,0
DA:47,0
DA:48,0
DA:51,1
LF:27
LH:10
BRDA:32,0,0,0
BRDA:32,0,1,0
BRDA:34,1,0,0
BRDA:34,1,1,0
BRF:4
BRH:0
end_of_record
TN:
SF:/home/abdul.hamid/Test500/CITesting/src/app/modules/dyn-module/dyn-module-graph/dyn-module-graph.component.ts
FN:14,(anonymous_0)
FN:22,DynModuleGraphComponent
FN:32,(anonymous_2)
FN:42,(anonymous_3)
FN:43,(anonymous_4)
FN:46,(anonymous_5)
FN:56,(anonymous_6)
FN:65,(anonymous_7)
FN:69,(anonymous_8)
FN:86,(anonymous_9)
FN:89,(anonymous_10)
FNF:11
FNH:1
FNDA:1,(anonymous_0)
FNDA:0,DynModuleGraphComponent
FNDA:0,(anonymous_2)
FNDA:0,(anonymous_3)
FNDA:0,(anonymous_4)
FNDA:0,(anonymous_5)
FNDA:0,(anonymous_6)
FNDA:0,(anonymous_7)
FNDA:0,(anonymous_8)
FNDA:0,(anonymous_9)
FNDA:0,(anonymous_10)
DA:1,1
DA:2,1
DA:3,1
DA:4,1
DA:5,1
DA:6,1
DA:14,1
DA:17,0
DA:18,0
DA:19,0
DA:20,0
DA:22,0
DA:23,0
DA:24,0
DA:25,0
DA:26,0
DA:27,0
DA:28,0
DA:32,1
DA:33,0
DA:34,0
DA:35,0
DA:37,0
DA:39,0
DA:42,1
DA:43,0
DA:44,0
DA:45,0
DA:47,0
DA:48,0
DA:49,0
DA:50,0
DA:51,0
DA:53,0
DA:56,0
DA:57,0
DA:65,1
DA:66,0
DA:68,0
DA:70,0
DA:71,0
DA:72,0
DA:74,0
DA:75,0
DA:76,0
DA:78,0
DA:79,0
DA:86,1
DA:87,0
DA:89,1
DA:90,0
DA:92,0
DA:95,1
LF:53
LH:13
BRDA:34,0,0,0
BRDA:34,0,1,0
BRDA:34,1,0,0
BRDA:34,1,1,0
BRDA:47,2,0,0
BRDA:47,2,1,0
BRDA:50,3,0,0
BRDA:50,3,1,0
BRDA:66,4,0,0
BRDA:66,4,1,0
BRDA:70,5,0,0
BRDA:70,5,1,0
BRDA:71,6,0,0
BRDA:71,6,1,0
BRF:14
BRH:0
end_of_record
TN:
SF:/home/abdul.hamid/Test500/CITesting/src/app/modules/dyn-module/dyn-module-graph/dyn-module-graph-dailogue/dyn-module-graph-dailogue.component.ts
FN:11,(anonymous_0)
FN:13,DynModuleDailogueGraphComponent
FN:16,(anonymous_2)
FN:19,(anonymous_3)
FNF:4
FNH:1
FNDA:1,(anonymous_0)
FNDA:0,DynModuleDailogueGraphComponent
FNDA:0,(anonymous_2)
FNDA:0,(anonymous_3)
DA:1,1
DA:2,1
DA:11,1
DA:13,0
DA:16,1
DA:19,1
DA:20,0
DA:23,1
LF:8
LH:6
BRF:0
BRH:0
end_of_record
TN:
SF:/home/abdul.hamid/Test500/CITesting/src/app/modules/dyn-module/dyn-module-list/dyn-module-list.component.ts
FN:23,(anonymous_0)
FN:42,DynModuleListComponent
FN:53,(anonymous_2)
FN:62,(anonymous_3)
FN:65,(anonymous_4)
FN:72,(anonymous_5)
FN:81,(anonymous_6)
FN:84,(anonymous_7)
FN:87,(anonymous_8)
FN:104,(anonymous_9)
FN:105,(anonymous_10)
FN:111,(anonymous_11)
FN:128,(anonymous_12)
FN:133,(anonymous_13)
FN:136,(anonymous_14)
FN:145,(anonymous_15)
FN:149,(anonymous_16)
FN:150,(anonymous_17)
FN:157,(anonymous_18)
FN:161,(anonymous_19)
FN:165,(anonymous_20)
FN:175,(anonymous_21)
FN:184,(anonymous_22)
FN:192,(anonymous_23)
FN:195,(anonymous_24)
FN:202,(anonymous_25)
FN:219,(anonymous_26)
FN:238,(anonymous_27)
FN:256,(anonymous_28)
FN:263,ExampleDatabase
FN:259,(anonymous_30)
FN:268,(anonymous_31)
FN:269,ExampleDataSource
FN:274,(anonymous_33)
FN:280,(anonymous_34)
FN:289,(anonymous_35)
FNF:36
FNH:3
FNDA:1,(anonymous_0)
FNDA:0,DynModuleListComponent
FNDA:0,(anonymous_2)
FNDA:0,(anonymous_3)
FNDA:0,(anonymous_4)
FNDA:0,(anonymous_5)
FNDA:0,(anonymous_6)
FNDA:0,(anonymous_7)
FNDA:0,(anonymous_8)
FNDA:0,(anonymous_9)
FNDA:0,(anonymous_10)
FNDA:0,(anonymous_11)
FNDA:0,(anonymous_12)
FNDA:0,(anonymous_13)
FNDA:0,(anonymous_14)
FNDA:0,(anonymous_15)
FNDA:0,(anonymous_16)
FNDA:0,(anonymous_17)
FNDA:0,(anonymous_18)
FNDA:0,(anonymous_19)
FNDA:0,(anonymous_20)
FNDA:0,(anonymous_21)
FNDA:0,(anonymous_22)
FNDA:0,(anonymous_23)
FNDA:0,(anonymous_24)
FNDA:0,(anonymous_25)
FNDA:0,(anonymous_26)
FNDA:0,(anonymous_27)
FNDA:1,(anonymous_28)
FNDA:0,ExampleDatabase
FNDA:0,(anonymous_30)
FNDA:1,(anonymous_31)
FNDA:0,ExampleDataSource
FNDA:0,(anonymous_33)
FNDA:0,(anonymous_34)
FNDA:0,(anonymous_35)
DA:1,1
DA:2,1
DA:3,1
DA:4,1
DA:5,1
DA:6,1
DA:7,1
DA:8,1
DA:9,1
DA:10,1
DA:13,1
DA:14,1
DA:23,1
DA:24,1
DA:27,0
DA:29,0
DA:30,0
DA:31,0
DA:32,0
DA:33,0
DA:34,0
DA:37,0
DA:38,0
DA:39,0
DA:42,0
DA:43,0
DA:44,0
DA:45,0
DA:46,0
DA:47,0
DA:48,0
DA:49,0
DA:53,1
DA:54,0
DA:55,0
DA:57,0
DA:60,0
DA:61,0
DA:63,0
DA:64,0
DA:65,0
DA:66,0
DA:69,0
DA:71,0
DA:73,0
DA:74,0
DA:75,0
DA:81,1
DA:82,0
DA:83,0
DA:84,0
DA:85,0
DA:86,0
DA:88,0
DA:89,0
DA:90,0
DA:91,0
DA:92,0
DA:93,0
DA:94,0
DA:96,0
DA:99,0
DA:100,0
DA:104,0
DA:105,0
DA:106,0
DA:110,0
DA:112,0
DA:113,0
DA:114,0
DA:115,0
DA:117,0
DA:118,0
DA:119,0
DA:120,0
DA:128,1
DA:130,0
DA:133,1
DA:134,0
DA:135,0
DA:141,0
DA:145,1
DA:146,0
DA:147,0
DA:148,0
DA:150,0
DA:151,0
DA:152,0
DA:157,1
DA:158,0
DA:161,1
DA:165,1
DA:166,0
DA:167,0
DA:169,0
DA:174,0
DA:176,0
DA:177,0
DA:178,0
DA:179,0
DA:184,1
DA:185,0
DA:186,0
DA:187,0
DA:188,0
DA:192,1
DA:193,0
DA:195,0
DA:196,0
DA:199,0
DA:202,1
DA:204,0
DA:205,0
DA:206,0
DA:207,0
DA:208,0
DA:209,0
DA:210,0
DA:211,0
DA:212,0
DA:213,0
DA:214,0
DA:215,0
DA:218,0
DA:220,0
DA:221,0
DA:223,0
DA:224,0
DA:225,0
DA:226,0
DA:227,0
DA:228,0
DA:229,0
DA:230,0
DA:231,0
DA:232,0
DA:233,0
DA:234,0
DA:237,0
DA:239,0
DA:240,0
DA:243,0
DA:244,0
DA:247,1
DA:256,1
DA:257,0
DA:259,1
DA:260,0
DA:263,0
DA:264,0
DA:266,1
DA:268,1
DA:269,0
DA:270,0
DA:274,1
DA:275,0
DA:280,0
DA:281,0
DA:284,0
DA:285,0
DA:289,1
DA:294,1
LF:162
LH:33
BRDA:54,0,0,0
BRDA:54,0,1,0
BRDA:63,1,0,0
BRDA:63,1,1,0
BRDA:63,2,0,0
BRDA:63,2,1,0
BRDA:64,3,0,0
BRDA:64,3,1,0
BRDA:66,4,0,0
BRDA:66,4,1,0
BRDA:93,5,0,0
BRDA:93,5,1,0
BRDA:100,6,0,0
BRDA:100,6,1,0
BRDA:112,7,0,0
BRDA:112,7,1,0
BRDA:113,8,0,0
BRDA:113,8,1,0
BRDA:166,9,0,0
BRDA:166,9,1,0
BRDA:176,10,0,0
BRDA:176,10,1,0
BRDA:185,11,0,0
BRDA:185,11,1,0
BRDA:204,12,0,0
BRDA:204,12,1,0
BRDA:208,13,0,0
BRDA:208,13,1,0
BRDA:211,14,0,0
BRDA:211,14,1,0
BRDA:211,15,0,0
BRDA:211,15,1,0
BRDA:214,16,0,0
BRDA:214,16,1,0
BRDA:223,17,0,0
BRDA:223,17,1,0
BRDA:227,18,0,0
BRDA:227,18,1,0
BRDA:230,19,0,0
BRDA:230,19,1,0
BRDA:230,20,0,0
BRDA:230,20,1,0
BRDA:233,21,0,0
BRDA:233,21,1,0
BRDA:270,22,0,0
BRDA:270,22,1,0
BRF:46
BRH:0
end_of_record
TN:
SF:/home/abdul.hamid/Test500/CITesting/src/app/modules/dyn-module/dyn-module-map/dyn-module-map.component.ts
FN:14,(anonymous_0)
FN:26,DynModuleMapComponent
FN:35,(anonymous_2)
FN:46,(anonymous_3)
FN:47,(anonymous_4)
FN:50,(anonymous_5)
FN:55,(anonymous_6)
FN:62,(anonymous_7)
FN:66,(anonymous_8)
FN:70,(anonymous_9)
FN:73,(anonymous_10)
FN:86,(anonymous_11)
FN:92,(anonymous_12)
FN:95,(anonymous_13)
FNF:14
FNH:1
FNDA:1,(anonymous_0)
FNDA:0,DynModuleMapComponent
FNDA:0,(anonymous_2)
FNDA:0,(anonymous_3)
FNDA:0,(anonymous_4)
FNDA:0,(anonymous_5)
FNDA:0,(anonymous_6)
FNDA:0,(anonymous_7)
FNDA:0,(anonymous_8)
FNDA:0,(anonymous_9)
FNDA:0,(anonymous_10)
FNDA:0,(anonymous_11)
FNDA:0,(anonymous_12)
FNDA:0,(anonymous_13)
DA:1,1
DA:2,1
DA:3,1
DA:5,1
DA:14,1
DA:20,0
DA:21,0
DA:25,1
DA:26,0
DA:27,0
DA:28,0
DA:29,0
DA:30,0
DA:31,0
DA:32,0
DA:35,1
DA:36,0
DA:37,0
DA:38,0
DA:39,0
DA:41,0
DA:43,0
DA:46,1
DA:47,0
DA:48,0
DA:49,0
DA:51,0
DA:52,0
DA:53,0
DA:54,0
DA:55,0
DA:56,0
DA:62,1
DA:63,0
DA:66,1
DA:67,0
DA:70,1
DA:71,0
DA:72,0
DA:74,0
DA:75,0
DA:76,0
DA:77,0
DA:79,0
DA:86,1
DA:87,0
DA:88,0
DA:89,0
DA:92,1
DA:93,0
DA:95,1
DA:96,0
DA:99,1
LF:53
LH:15
BRDA:38,0,0,0
BRDA:38,0,1,0
BRDA:38,1,0,0
BRDA:38,1,1,0
BRDA:51,2,0,0
BRDA:51,2,1,0
BRDA:71,3,0,0
BRDA:71,3,1,0
BRDA:74,4,0,0
BRDA:74,4,1,0
BRDA:75,5,0,0
BRDA:75,5,1,0
BRF:12
BRH:0
end_of_record
TN:
SF:/home/abdul.hamid/Test500/CITesting/src/app/modules/filter-text/filter-text.component.ts
FN:10,(anonymous_0)
FN:13,FilterTextComponent
FN:16,(anonymous_2)
FN:21,(anonymous_3)
FNF:4
FNH:2
FNDA:1,(anonymous_0)
FNDA:4,FilterTextComponent
FNDA:0,(anonymous_2)
FNDA:0,(anonymous_3)
DA:1,1
DA:3,1
DA:10,1
DA:13,4
DA:16,1
DA:17,0
DA:18,0
DA:21,1
DA:22,0
DA:24,1
LF:10
LH:7
BRF:0
BRH:0
end_of_record
TN:
SF:/home/abdul.hamid/Test500/CITesting/src/app/modules/home/home.component.ts
FN:15,(anonymous_0)
FN:20,HomeComponent
FN:25,(anonymous_2)
FN:35,(anonymous_3)
FN:36,(anonymous_4)
FN:48,(anonymous_5)
FNF:6
FNH:1
FNDA:1,(anonymous_0)
FNDA:0,HomeComponent
FNDA:0,(anonymous_2)
FNDA:0,(anonymous_3)
FNDA:0,(anonymous_4)
FNDA:0,(anonymous_5)
DA:1,1
DA:2,1
DA:3,1
DA:5,1
DA:7,1
DA:8,1
DA:15,1
DA:16,0
DA:20,0
DA:21,0
DA:22,0
DA:25,1
DA:28,0
DA:29,0
DA:33,0
DA:35,0
DA:36,0
DA:37,0
DA:38,0
DA:39,0
DA:40,0
DA:42,0
DA:43,0
DA:48,1
DA:49,0
DA:52,1
LF:26
LH:10
BRDA:28,0,0,0
BRDA:28,0,1,0
BRDA:37,1,0,0
BRDA:37,1,1,0
BRF:4
BRH:0
end_of_record
TN:
SF:/home/abdul.hamid/Test500/CITesting/src/app/modules/iframe/iframe.component.ts
FN:12,(anonymous_0)
FNF:1
FNH:1
FNDA:1,(anonymous_0)
DA:1,1
DA:12,1
DA:13,1
DA:14,1
LF:4
LH:4
BRF:0
BRH:0
end_of_record
TN:
SF:/home/abdul.hamid/Test500/CITesting/src/app/modules/iframe/iframe.module.ts
FN:18,(anonymous_0)
FNF:1
FNH:1
FNDA:1,(anonymous_0)
DA:1,1
DA:2,1
DA:3,1
DA:18,1
DA:19,1
LF:5
LH:5
BRF:0
BRH:0
end_of_record
TN:
SF:/home/abdul.hamid/Test500/CITesting/src/app/modules/loading/loading-dialog.component.ts
FN:9,(anonymous_0)
FN:13,LoadingDialogComponent
FNF:2
FNH:1
FNDA:1,(anonymous_0)
FNDA:0,LoadingDialogComponent
DA:1,1
DA:2,1
DA:9,1
DA:13,0
DA:15,1
LF:5
LH:4
BRF:0
BRH:0
end_of_record
TN:
SF:/home/abdul.hamid/Test500/CITesting/src/app/modules/loading/loading-dialog.module.ts
FN:14,(anonymous_0)
FNF:1
FNH:1
FNDA:40,(anonymous_0)
DA:1,1
DA:4,1
DA:5,1
DA:14,1
DA:15,1
LF:5
LH:5
BRF:0
BRH:0
end_of_record
TN:
SF:/home/abdul.hamid/Test500/CITesting/src/app/modules/login/login.component.ts
FN:19,(anonymous_0)
FN:25,LoginComponent
FN:31,(anonymous_2)
FN:36,(anonymous_3)
FNF:4
FNH:4
FNDA:1,(anonymous_0)
FNDA:3,LoginComponent
FNDA:3,(anonymous_2)
FNDA:3,(anonymous_3)
DA:8,1
DA:9,1
DA:10,1
DA:19,1
DA:23,3
DA:25,3
DA:26,3
DA:27,3
DA:28,3
DA:31,3
DA:32,3
DA:34,3
DA:35,3
DA:37,3
DA:38,0
DA:39,0
DA:41,0
DA:43,0
DA:44,0
DA:45,0
DA:46,0
DA:50,1
LF:22
LH:15
BRDA:32,0,0,3
BRDA:32,0,1,3
BRDA:37,1,0,0
BRDA:37,1,1,3
BRDA:38,2,0,0
BRDA:38,2,1,0
BRF:6
BRH:3
end_of_record
TN:
SF:/home/abdul.hamid/Test500/CITesting/src/app/modules/login/change-password/change-password.component.ts
FN:16,(anonymous_0)
FN:25,ChangePasswordComponent
FN:37,(anonymous_2)
FN:44,(anonymous_3)
FN:49,(anonymous_4)
FN:54,(anonymous_5)
FN:67,(anonymous_6)
FN:83,(anonymous_7)
FN:86,(anonymous_8)
FN:90,(anonymous_9)
FN:95,(anonymous_10)
FN:102,(anonymous_11)
FNF:12
FNH:10
FNDA:1,(anonymous_0)
FNDA:6,ChangePasswordComponent
FNDA:6,(anonymous_2)
FNDA:4,(anonymous_3)
FNDA:3,(anonymous_4)
FNDA:3,(anonymous_5)
FNDA:0,(anonymous_6)
FNDA:6,(anonymous_7)
FNDA:6,(anonymous_8)
FNDA:0,(anonymous_9)
FNDA:1,(anonymous_10)
FNDA:6,(anonymous_11)
DA:1,1
DA:2,1
DA:3,1
DA:5,1
DA:16,1
DA:17,6
DA:24,6
DA:25,6
DA:26,6
DA:27,6
DA:28,6
DA:29,6
DA:30,6
DA:31,6
DA:32,6
DA:33,6
DA:34,6
DA:37,1
DA:38,6
DA:39,6
DA:40,6
DA:41,6
DA:44,4
DA:45,4
DA:46,4
DA:47,3
DA:48,3
DA:51,3
DA:52,3
DA:55,3
DA:56,1
DA:57,1
DA:58,0
DA:60,1
DA:63,2
DA:64,2
DA:68,0
DA:69,0
DA:76,1
DA:77,1
DA:83,6
DA:84,6
DA:88,6
DA:95,1
DA:96,1
DA:97,1
DA:98,0
DA:99,0
DA:102,1
DA:103,6
DA:109,1
LF:51
LH:46
BRDA:45,0,0,4
BRDA:45,0,1,0
BRDA:46,1,0,3
BRDA:46,1,1,1
BRDA:55,2,0,1
BRDA:55,2,1,2
BRDA:57,3,0,0
BRDA:57,3,1,1
BRDA:97,4,0,0
BRDA:97,4,1,1
BRF:10
BRH:7
end_of_record
TN:
SF:/home/abdul.hamid/Test500/CITesting/src/app/modules/login/forgot-password/forgot-password.component.ts
FN:12,(anonymous_0)
FN:24,ForgotPasswordComponent
FN:31,(anonymous_2)
FN:32,(anonymous_3)
FN:37,(anonymous_4)
FN:38,(anonymous_5)
FN:50,(anonymous_6)
FN:56,(anonymous_7)
FNF:8
FNH:7
FNDA:1,(anonymous_0)
FNDA:4,ForgotPasswordComponent
FNDA:4,(anonymous_2)
FNDA:0,(anonymous_3)
FNDA:2,(anonymous_4)
FNDA:2,(anonymous_5)
FNDA:1,(anonymous_6)
FNDA:4,(anonymous_7)
DA:1,1
DA:2,1
DA:3,1
DA:4,1
DA:12,1
DA:18,4
DA:21,4
DA:24,4
DA:25,4
DA:26,4
DA:27,4
DA:28,4
DA:31,4
DA:32,4
DA:33,0
DA:35,4
DA:37,2
DA:38,2
DA:39,2
DA:40,1
DA:41,1
DA:43,2
DA:44,1
DA:45,1
DA:46,1
DA:50,1
DA:51,1
DA:52,0
DA:53,0
DA:56,1
DA:57,4
DA:62,1
LF:32
LH:29
BRDA:39,0,0,1
BRDA:39,0,1,1
BRDA:43,1,0,1
BRDA:43,1,1,1
BRDA:51,2,0,0
BRDA:51,2,1,1
BRF:6
BRH:5
end_of_record
TN:
SF:/home/abdul.hamid/Test500/CITesting/src/app/modules/login/login-form/login-form.component.ts
FN:23,(anonymous_0)
FN:32,LoginFormComponent
FN:42,(anonymous_2)
FN:43,(anonymous_3)
FN:54,(anonymous_4)
FN:59,(anonymous_5)
FN:73,(anonymous_6)
FN:81,(anonymous_7)
FN:87,(anonymous_8)
FN:94,(anonymous_9)
FNF:10
FNH:9
FNDA:1,(anonymous_0)
FNDA:7,LoginFormComponent
FNDA:7,(anonymous_2)
FNDA:7,(anonymous_3)
FNDA:3,(anonymous_4)
FNDA:3,(anonymous_5)
FNDA:0,(anonymous_6)
FNDA:1,(anonymous_7)
FNDA:7,(anonymous_8)
FNDA:10,(anonymous_9)
DA:5,1
DA:6,1
DA:7,1
DA:9,1
DA:23,1
DA:30,7
DA:32,7
DA:33,7
DA:34,7
DA:35,7
DA:36,7
DA:37,7
DA:38,7
DA:39,7
DA:42,7
DA:43,7
DA:44,7
DA:46,7
DA:51,7
DA:54,3
DA:55,3
DA:56,3
DA:57,3
DA:60,3
DA:61,1
DA:62,1
DA:63,0
DA:65,1
DA:68,2
DA:69,2
DA:70,2
DA:74,0
DA:75,0
DA:81,1
DA:82,1
DA:83,0
DA:84,0
DA:87,7
DA:88,7
DA:94,7
DA:95,10
DA:98,1
LF:42
LH:37
BRDA:44,0,0,7
BRDA:44,0,1,7
BRDA:55,1,0,3
BRDA:55,1,1,0
BRDA:60,2,0,1
BRDA:60,2,1,2
BRDA:62,3,0,0
BRDA:62,3,1,1
BRDA:82,4,0,0
BRDA:82,4,1,1
BRF:10
BRH:7
end_of_record
TN:
SF:/home/abdul.hamid/Test500/CITesting/src/app/modules/nav/digital-signature/digital-signature.component.ts
FN:17,(anonymous_0)
FN:25,DigitalSignatureComponent
FN:40,(anonymous_2)
FN:46,(anonymous_3)
FN:50,(anonymous_4)
FN:55,(anonymous_5)
FN:61,(anonymous_6)
FN:64,(anonymous_7)
FN:73,(anonymous_8)
FN:78,(anonymous_9)
FN:81,(anonymous_10)
FNF:11
FNH:11
FNDA:1,(anonymous_0)
FNDA:4,DigitalSignatureComponent
FNDA:4,(anonymous_2)
FNDA:4,(anonymous_3)
FNDA:4,(anonymous_4)
FNDA:4,(anonymous_5)
FNDA:1,(anonymous_6)
FNDA:1,(anonymous_7)
FNDA:1,(anonymous_8)
FNDA:1,(anonymous_9)
FNDA:1,(anonymous_10)
DA:1,1
DA:2,1
DA:3,1
DA:4,1
DA:6,1
DA:8,1
DA:9,1
DA:17,1
DA:19,4
DA:20,4
DA:22,1
DA:23,1
DA:26,4
DA:27,4
DA:28,4
DA:29,4
DA:30,4
DA:31,4
DA:32,0
DA:33,0
DA:35,4
DA:40,1
DA:41,4
DA:42,4
DA:46,1
DA:47,4
DA:50,1
DA:51,4
DA:52,4
DA:55,1
DA:56,4
DA:57,4
DA:58,4
DA:61,1
DA:62,1
DA:63,1
DA:65,1
DA:70,1
DA:73,1
DA:74,1
DA:75,1
DA:78,1
DA:79,1
DA:80,1
DA:82,1
DA:87,1
DA:88,1
DA:90,1
LF:48
LH:46
BRDA:31,0,0,0
BRDA:31,0,1,4
BRDA:31,1,0,4
BRDA:31,1,1,0
BRF:4
BRH:2
end_of_record
TN:
SF:/home/abdul.hamid/Test500/CITesting/src/app/modules/nav/email-signature/email-signature.component.ts
FN:17,(anonymous_0)
FN:21,EmailSignatureComponent
FN:32,(anonymous_2)
FN:36,(anonymous_3)
FN:39,(anonymous_4)
FNF:5
FNH:5
FNDA:1,(anonymous_0)
FNDA:3,EmailSignatureComponent
FNDA:4,(anonymous_2)
FNDA:1,(anonymous_3)
FNDA:1,(anonymous_4)
DA:1,1
DA:2,1
DA:3,1
DA:4,1
DA:7,1
DA:8,1
DA:9,1
DA:17,1
DA:20,1
DA:21,3
DA:22,3
DA:24,3
DA:25,3
DA:26,3
DA:27,3
DA:32,1
DA:33,4
DA:36,1
DA:37,1
DA:38,1
DA:40,1
DA:45,1
DA:47,1
LF:23
LH:23
BRF:0
BRH:0
end_of_record
TN:
SF:/home/abdul.hamid/Test500/CITesting/src/app/modules/nav/left/nav-left.component.ts
FN:42,(anonymous_0)
FN:74,LeftNavComponent
FN:77,(anonymous_2)
FN:90,(anonymous_3)
FN:111,(anonymous_4)
FN:132,(anonymous_5)
FN:136,(anonymous_6)
FN:140,(anonymous_7)
FN:144,(anonymous_8)
FN:148,(anonymous_9)
FN:157,(anonymous_10)
FNF:11
FNH:4
FNDA:1,(anonymous_0)
FNDA:1,LeftNavComponent
FNDA:1,(anonymous_2)
FNDA:0,(anonymous_3)
FNDA:0,(anonymous_4)
FNDA:0,(anonymous_5)
FNDA:0,(anonymous_6)
FNDA:1,(anonymous_7)
FNDA:0,(anonymous_8)
FNDA:0,(anonymous_9)
FNDA:0,(anonymous_10)
DA:11,1
DA:16,1
DA:17,1
DA:19,1
DA:42,1
DA:44,1
DA:61,1
DA:64,1
DA:68,1
DA:74,1
DA:75,1
DA:76,1
DA:77,1
DA:79,1
DA:80,1
DA:83,1
DA:84,1
DA:85,1
DA:86,1
DA:87,1
DA:88,1
DA:90,1
DA:91,0
DA:92,0
DA:93,0
DA:94,0
DA:97,1
DA:106,1
DA:107,1
DA:111,1
DA:112,0
DA:113,0
DA:114,0
DA:115,0
DA:116,0
DA:117,0
DA:119,0
DA:120,0
DA:122,0
DA:125,0
DA:126,0
DA:127,0
DA:132,1
DA:133,0
DA:134,0
DA:136,1
DA:137,0
DA:138,0
DA:140,1
DA:141,1
DA:144,1
DA:145,0
DA:148,1
DA:149,0
DA:153,0
DA:154,0
DA:157,1
DA:158,0
DA:161,1
LF:59
LH:34
BRDA:112,0,0,0
BRDA:112,0,1,0
BRDA:113,1,0,0
BRDA:113,1,1,0
BRDA:113,2,0,0
BRDA:113,2,1,0
BRDA:116,3,0,0
BRDA:116,3,1,0
BRDA:119,4,0,0
BRDA:119,4,1,0
BRDA:119,5,0,0
BRDA:119,5,1,0
BRDA:126,6,0,0
BRDA:126,6,1,0
BRF:14
BRH:0
end_of_record
TN:
SF:/home/abdul.hamid/Test500/CITesting/src/app/modules/nav/notification/notification.component.ts
FN:16,(anonymous_0)
FN:29,NotificationComponent
FN:37,(anonymous_2)
FN:39,(anonymous_3)
FN:55,(anonymous_4)
FN:89,(anonymous_5)
FN:92,(anonymous_6)
FNF:7
FNH:1
FNDA:1,(anonymous_0)
FNDA:0,NotificationComponent
FNDA:0,(anonymous_2)
FNDA:0,(anonymous_3)
FNDA:0,(anonymous_4)
FNDA:0,(anonymous_5)
FNDA:0,(anonymous_6)
DA:2,1
DA:3,1
DA:5,1
DA:6,1
DA:7,1
DA:8,1
DA:9,1
DA:16,1
DA:18,0
DA:19,0
DA:23,0
DA:25,0
DA:29,0
DA:30,0
DA:31,0
DA:32,0
DA:33,0
DA:34,0
DA:37,1
DA:39,0
DA:40,0
DA:41,0
DA:42,0
DA:43,0
DA:47,0
DA:48,0
DA:49,0
DA:51,0
DA:55,1
DA:56,0
DA:59,0
DA:60,0
DA:62,0
DA:63,0
DA:64,0
DA:65,0
DA:66,0
DA:67,0
DA:69,0
DA:73,0
DA:75,0
DA:76,0
DA:77,0
DA:79,0
DA:83,0
DA:89,1
DA:90,0
DA:92,1
DA:93,0
DA:95,1
LF:50
LH:13
BRDA:43,0,0,0
BRDA:43,0,1,0
BRDA:48,1,0,0
BRDA:48,1,1,0
BRDA:63,2,0,0
BRDA:63,2,1,0
BRDA:66,3,0,0
BRDA:66,3,1,0
BRDA:75,4,0,0
BRDA:75,4,1,0
BRDA:76,5,0,0
BRDA:76,5,1,0
BRF:12
BRH:0
end_of_record
TN:
SF:/home/abdul.hamid/Test500/CITesting/src/app/modules/nav/profile-nav/profile-nav.component.ts
FN:16,(anonymous_0)
FN:28,ProfileNavNewComponent
FN:34,(anonymous_2)
FN:51,(anonymous_3)
FN:56,(anonymous_4)
FN:61,(anonymous_5)
FN:66,(anonymous_6)
FN:71,(anonymous_7)
FN:94,(anonymous_8)
FN:103,(anonymous_9)
FN:109,(anonymous_10)
FN:113,(anonymous_11)
FN:119,(anonymous_12)
FN:130,(anonymous_13)
FN:134,(anonymous_14)
FN:138,(anonymous_15)
FNF:16
FNH:1
FNDA:1,(anonymous_0)
FNDA:0,ProfileNavNewComponent
FNDA:0,(anonymous_2)
FNDA:0,(anonymous_3)
FNDA:0,(anonymous_4)
FNDA:0,(anonymous_5)
FNDA:0,(anonymous_6)
FNDA:0,(anonymous_7)
FNDA:0,(anonymous_8)
FNDA:0,(anonymous_9)
FNDA:0,(anonymous_10)
FNDA:0,(anonymous_11)
FNDA:0,(anonymous_12)
FNDA:0,(anonymous_13)
FNDA:0,(anonymous_14)
FNDA:0,(anonymous_15)
DA:1,1
DA:3,1
DA:5,1
DA:6,1
DA:7,1
DA:8,1
DA:9,1
DA:16,1
DA:20,0
DA:21,0
DA:22,0
DA:26,0
DA:28,0
DA:29,0
DA:30,0
DA:31,0
DA:34,1
DA:35,0
DA:36,0
DA:37,0
DA:38,0
DA:39,0
DA:40,0
DA:42,0
DA:43,0
DA:45,0
DA:46,0
DA:51,1
DA:52,0
DA:56,0
DA:57,0
DA:61,1
DA:62,0
DA:66,0
DA:67,0
DA:71,1
DA:72,0
DA:73,0
DA:74,0
DA:75,0
DA:78,0
DA:79,0
DA:80,0
DA:84,0
DA:86,0
DA:88,0
DA:90,0
DA:94,1
DA:95,0
DA:96,0
DA:97,0
DA:98,0
DA:99,0
DA:100,0
DA:103,1
DA:104,0
DA:105,0
DA:106,0
DA:109,1
DA:110,0
DA:113,1
DA:114,0
DA:115,0
DA:116,0
DA:117,0
DA:118,0
DA:120,0
DA:121,0
DA:123,0
DA:130,1
DA:131,0
DA:134,1
DA:135,0
DA:138,1
DA:139,0
DA:141,1
LF:76
LH:20
BRDA:36,0,0,0
BRDA:36,0,1,0
BRDA:36,1,0,0
BRDA:36,1,1,0
BRDA:36,1,2,0
BRDA:39,2,0,0
BRDA:39,2,1,0
BRDA:42,3,0,0
BRDA:42,3,1,0
BRDA:45,4,0,0
BRDA:45,4,1,0
BRDA:45,5,0,0
BRDA:45,5,1,0
BRDA:74,6,0,0
BRDA:74,6,1,0
BRDA:78,7,0,0
BRDA:78,7,1,0
BRDA:78,8,0,0
BRDA:78,8,1,0
BRDA:79,9,0,0
BRDA:79,9,1,0
BRDA:120,10,0,0
BRDA:120,10,1,0
BRF:23
BRH:0
end_of_record
TN:
SF:/home/abdul.hamid/Test500/CITesting/src/app/modules/nav/signature-field/signature-field.component.ts
FN:16,(anonymous_0)
FN:5,SignatureFieldComponent
FN:25,(anonymous_2)
FN:29,(anonymous_3)
FN:34,(anonymous_4)
FN:42,(anonymous_5)
FN:46,(anonymous_6)
FN:50,(anonymous_7)
FN:54,(anonymous_8)
FN:58,(anonymous_9)
FN:62,(anonymous_10)
FN:11,(anonymous_11)
FNF:12
FNH:10
FNDA:1,(anonymous_0)
FNDA:4,SignatureFieldComponent
FNDA:2,(anonymous_2)
FNDA:1,(anonymous_3)
FNDA:4,(anonymous_4)
FNDA:4,(anonymous_5)
FNDA:4,(anonymous_6)
FNDA:4,(anonymous_7)
FNDA:0,(anonymous_8)
FNDA:0,(anonymous_9)
FNDA:1,(anonymous_10)
FNDA:6,(anonymous_11)
DA:1,1
DA:2,1
DA:3,1
DA:11,6
DA:16,1
DA:17,1
DA:19,4
DA:21,4
DA:23,4
DA:25,1
DA:26,2
DA:30,1
DA:31,1
DA:34,1
DA:35,4
DA:36,4
DA:38,0
DA:39,0
DA:42,1
DA:43,4
DA:46,1
DA:50,1
DA:51,4
DA:54,1
DA:58,1
DA:59,0
DA:62,1
DA:63,1
DA:64,1
DA:66,1
LF:30
LH:27
BRDA:35,0,0,4
BRDA:35,0,1,0
BRF:2
BRH:1
end_of_record
TN:
SF:/home/abdul.hamid/Test500/CITesting/src/app/modules/nav/top/nav-top.component.ts
FN:29,(anonymous_0)
FN:48,TopNavComponent
FN:56,(anonymous_2)
FN:63,(anonymous_3)
FN:68,(anonymous_4)
FN:77,(anonymous_5)
FN:91,(anonymous_6)
FN:104,(anonymous_7)
FN:108,(anonymous_8)
FN:112,(anonymous_9)
FN:116,(anonymous_10)
FN:120,(anonymous_11)
FN:124,(anonymous_12)
FN:128,(anonymous_13)
FN:131,(anonymous_14)
FN:134,(anonymous_15)
FNF:16
FNH:7
FNDA:1,(anonymous_0)
FNDA:3,TopNavComponent
FNDA:3,(anonymous_2)
FNDA:12,(anonymous_3)
FNDA:3,(anonymous_4)
FNDA:3,(anonymous_5)
FNDA:0,(anonymous_6)
FNDA:0,(anonymous_7)
FNDA:0,(anonymous_8)
FNDA:0,(anonymous_9)
FNDA:0,(anonymous_10)
FNDA:0,(anonymous_11)
FNDA:0,(anonymous_12)
FNDA:0,(anonymous_13)
FNDA:0,(anonymous_14)
FNDA:3,(anonymous_15)
DA:9,1
DA:10,1
DA:11,1
DA:14,1
DA:15,1
DA:16,1
DA:18,1
DA:19,1
DA:20,1
DA:21,1
DA:29,1
DA:30,1
DA:31,3
DA:32,3
DA:33,3
DA:37,3
DA:38,3
DA:43,3
DA:45,3
DA:46,3
DA:48,3
DA:49,3
DA:50,3
DA:51,3
DA:52,3
DA:53,3
DA:56,3
DA:57,3
DA:58,0
DA:60,3
DA:62,3
DA:64,12
DA:68,3
DA:69,3
DA:70,3
DA:72,0
DA:75,3
DA:76,3
DA:78,3
DA:79,0
DA:80,0
DA:81,0
DA:82,0
DA:85,3
DA:86,3
DA:87,3
DA:91,1
DA:92,0
DA:93,0
DA:95,0
DA:96,0
DA:97,0
DA:98,0
DA:100,0
DA:104,1
DA:105,0
DA:108,1
DA:109,0
DA:112,1
DA:116,1
DA:117,0
DA:120,1
DA:121,0
DA:124,1
DA:125,0
DA:128,1
DA:129,0
DA:131,1
DA:132,0
DA:134,1
DA:136,3
DA:139,3
DA:140,3
DA:147,1
LF:74
LH:54
BRDA:57,0,0,0
BRDA:57,0,1,3
BRDA:69,1,0,3
BRDA:69,1,1,0
BRDA:78,2,0,0
BRDA:78,2,1,3
BRDA:86,3,0,3
BRDA:86,3,1,0
BRDA:95,4,0,0
BRDA:95,4,1,0
BRDA:95,5,0,0
BRDA:95,5,1,0
BRDA:95,5,2,0
BRDA:97,6,0,0
BRDA:97,6,1,0
BRDA:139,7,0,3
BRDA:139,7,1,0
BRDA:139,8,0,3
BRDA:139,8,1,3
BRF:19
BRH:7
end_of_record
TN:
SF:/home/abdul.hamid/Test500/CITesting/src/app/modules/not-found/not-found.component.ts
FN:7,(anonymous_0)
FNF:1
FNH:1
FNDA:2,(anonymous_0)
DA:1,1
DA:7,1
DA:9,1
LF:3
LH:3
BRF:0
BRH:0
end_of_record
TN:
SF:/home/abdul.hamid/Test500/CITesting/src/app/modules/shared/create/create.component.ts
FN:12,(anonymous_0)
FN:17,CreateComponent
FN:23,(anonymous_2)
FN:26,(anonymous_3)
FNF:4
FNH:1
FNDA:1,(anonymous_0)
FNDA:0,CreateComponent
FNDA:0,(anonymous_2)
FNDA:0,(anonymous_3)
DA:1,1
DA:2,1
DA:3,1
DA:12,1
DA:17,0
DA:18,0
DA:19,0
DA:23,1
DA:24,0
DA:25,0
DA:26,0
DA:27,0
DA:31,1
LF:13
LH:6
BRF:0
BRH:0
end_of_record
TN:
SF:/home/abdul.hamid/Test500/CITesting/src/app/modules/shared/dyn-module-subcomponent/dyn-module-subcomponent-routing.module.ts
FN:15,(anonymous_0)
FNF:1
FNH:1
FNDA:1,(anonymous_0)
DA:1,1
DA:2,1
DA:3,1
DA:4,1
DA:6,1
DA:15,1
LF:6
LH:6
BRF:0
BRH:0
end_of_record
TN:
SF:/home/abdul.hamid/Test500/CITesting/src/app/modules/shared/dyn-module-subcomponent/dyn-module-subcomponent.component.ts
FN:9,(anonymous_0)
FN:11,DynModuleSubcomponentComponent
FN:15,(anonymous_2)
FN:18,(anonymous_3)
FNF:4
FNH:1
FNDA:1,(anonymous_0)
FNDA:0,DynModuleSubcomponentComponent
FNDA:0,(anonymous_2)
FNDA:0,(anonymous_3)
DA:1,1
DA:2,1
DA:9,1
DA:10,0
DA:15,1
DA:18,1
DA:19,0
DA:22,1
LF:8
LH:6
BRF:0
BRH:0
end_of_record
TN:
SF:/home/abdul.hamid/Test500/CITesting/src/app/modules/shared/dyn-module-subcomponent/dyn-module-subcomponent.module.ts
FN:20,(anonymous_0)
FNF:1
FNH:1
FNDA:1,(anonymous_0)
DA:1,1
DA:2,1
DA:3,1
DA:6,1
DA:7,1
DA:8,1
DA:20,1
LF:7
LH:7
BRF:0
BRH:0
end_of_record
TN:
SF:/home/abdul.hamid/Test500/CITesting/src/app/modules/shared/inbox/inbox.component.ts
FN:28,(anonymous_0)
FN:63,InboxComponent
FN:77,(anonymous_2)
FN:79,(anonymous_3)
FN:86,(anonymous_4)
FN:91,(anonymous_5)
FN:92,(anonymous_6)
FN:104,(anonymous_7)
FN:115,(anonymous_8)
FN:140,(anonymous_9)
FN:146,(anonymous_10)
FN:151,(anonymous_11)
FN:158,(anonymous_12)
FN:170,(anonymous_13)
FN:179,(anonymous_14)
FN:190,(anonymous_15)
FN:197,(anonymous_16)
FN:207,(anonymous_17)
FN:213,(anonymous_18)
FN:219,(anonymous_19)
FN:221,(anonymous_20)
FN:227,(anonymous_21)
FN:230,(anonymous_22)
FN:244,(anonymous_23)
FN:258,(anonymous_24)
FN:267,(anonymous_25)
FN:273,(anonymous_26)
FN:294,(anonymous_27)
FN:300,(anonymous_28)
FN:304,(anonymous_29)
FN:314,(anonymous_30)
FNF:31
FNH:1
FNDA:1,(anonymous_0)
FNDA:0,InboxComponent
FNDA:0,(anonymous_2)
FNDA:0,(anonymous_3)
FNDA:0,(anonymous_4)
FNDA:0,(anonymous_5)
FNDA:0,(anonymous_6)
FNDA:0,(anonymous_7)
FNDA:0,(anonymous_8)
FNDA:0,(anonymous_9)
FNDA:0,(anonymous_10)
FNDA:0,(anonymous_11)
FNDA:0,(anonymous_12)
FNDA:0,(anonymous_13)
FNDA:0,(anonymous_14)
FNDA:0,(anonymous_15)
FNDA:0,(anonymous_16)
FNDA:0,(anonymous_17)
FNDA:0,(anonymous_18)
FNDA:0,(anonymous_19)
FNDA:0,(anonymous_20)
FNDA:0,(anonymous_21)
FNDA:0,(anonymous_22)
FNDA:0,(anonymous_23)
FNDA:0,(anonymous_24)
FNDA:0,(anonymous_25)
FNDA:0,(anonymous_26)
FNDA:0,(anonymous_27)
FNDA:0,(anonymous_28)
FNDA:0,(anonymous_29)
FNDA:0,(anonymous_30)
DA:1,1
DA:14,1
DA:17,1
DA:18,1
DA:19,1
DA:20,1
DA:28,1
DA:30,1
DA:31,1
DA:32,1
DA:33,0
DA:34,0
DA:36,0
DA:37,0
DA:38,0
DA:40,0
DA:42,0
DA:44,0
DA:45,0
DA:46,0
DA:48,0
DA:57,0
DA:60,0
DA:63,0
DA:64,0
DA:65,0
DA:66,0
DA:67,0
DA:68,0
DA:69,0
DA:70,0
DA:71,0
DA:72,0
DA:73,0
DA:74,0
DA:77,1
DA:78,0
DA:79,0
DA:80,0
DA:82,0
DA:83,0
DA:86,1
DA:87,0
DA:91,1
DA:92,0
DA:93,0
DA:94,0
DA:95,0
DA:96,0
DA:98,0
DA:104,1
DA:106,0
DA:107,0
DA:108,0
DA:109,0
DA:110,0
DA:111,0
DA:112,0
DA:113,0
DA:115,0
DA:116,0
DA:118,0
DA:120,0
DA:121,0
DA:122,0
DA:124,0
DA:125,0
DA:126,0
DA:127,0
DA:129,0
DA:130,0
DA:132,0
DA:140,1
DA:141,0
DA:142,0
DA:146,1
DA:147,0
DA:148,0
DA:149,0
DA:150,0
DA:151,0
DA:152,0
DA:153,0
DA:158,1
DA:160,0
DA:161,0
DA:162,0
DA:164,0
DA:165,0
DA:166,0
DA:167,0
DA:169,0
DA:170,0
DA:171,0
DA:172,0
DA:173,0
DA:174,0
DA:175,0
DA:178,0
DA:179,0
DA:180,0
DA:181,0
DA:182,0
DA:183,0
DA:186,0
DA:190,1
DA:191,0
DA:192,0
DA:193,0
DA:194,0
DA:195,0
DA:196,0
DA:197,0
DA:198,0
DA:199,0
DA:200,0
DA:201,0
DA:204,0
DA:205,0
DA:206,0
DA:207,0
DA:208,0
DA:213,1
DA:214,0
DA:215,0
DA:216,0
DA:219,1
DA:220,0
DA:221,0
DA:222,0
DA:227,1
DA:228,0
DA:229,0
DA:230,0
DA:231,0
DA:232,0
DA:233,0
DA:234,0
DA:236,0
DA:242,0
DA:243,0
DA:244,0
DA:245,0
DA:246,0
DA:247,0
DA:248,0
DA:250,0
DA:258,1
DA:260,0
DA:263,0
DA:264,0
DA:267,0
DA:273,1
DA:274,0
DA:275,0
DA:277,0
DA:278,0
DA:280,0
DA:281,0
DA:283,0
DA:284,0
DA:285,0
DA:286,0
DA:288,0
DA:289,0
DA:291,0
DA:292,0
DA:293,0
DA:294,0
DA:295,0
DA:300,1
DA:301,0
DA:302,0
DA:303,0
DA:304,0
DA:305,0
DA:306,0
DA:307,0
DA:309,0
DA:314,1
DA:315,0
DA:316,0
DA:319,1
LF:183
LH:26
BRDA:93,0,0,0
BRDA:93,0,1,0
BRDA:95,1,0,0
BRDA:95,1,1,0
BRDA:107,2,0,0
BRDA:107,2,1,0
BRDA:107,3,0,0
BRDA:107,3,1,0
BRDA:107,3,2,0
BRDA:107,3,3,0
BRDA:110,4,0,0
BRDA:110,4,1,0
BRDA:110,5,0,0
BRDA:110,5,1,0
BRDA:116,6,0,0
BRDA:116,6,1,0
BRDA:124,7,0,0
BRDA:124,7,1,0
BRDA:124,8,0,0
BRDA:124,8,1,0
BRDA:124,8,2,0
BRDA:126,9,0,0
BRDA:126,9,1,0
BRDA:126,10,0,0
BRDA:126,10,1,0
BRDA:126,10,2,0
BRDA:129,11,0,0
BRDA:129,11,1,0
BRDA:129,12,0,0
BRDA:129,12,1,0
BRDA:141,13,0,0
BRDA:141,13,1,0
BRDA:148,14,0,0
BRDA:148,14,1,0
BRDA:148,15,0,0
BRDA:148,15,1,0
BRDA:151,16,0,0
BRDA:151,16,1,0
BRDA:160,17,0,0
BRDA:160,17,1,0
BRDA:164,18,0,0
BRDA:164,18,1,0
BRDA:164,19,0,0
BRDA:164,19,1,0
BRDA:164,19,2,0
BRDA:164,19,3,0
BRDA:164,19,4,0
BRDA:169,20,0,0
BRDA:169,20,1,0
BRDA:169,21,0,0
BRDA:169,21,1,0
BRDA:169,21,2,0
BRDA:169,21,3,0
BRDA:172,22,0,0
BRDA:172,22,1,0
BRDA:178,23,0,0
BRDA:178,23,1,0
BRDA:178,24,0,0
BRDA:178,24,1,0
BRDA:194,25,0,0
BRDA:194,25,1,0
BRDA:228,26,0,0
BRDA:228,26,1,0
BRDA:229,27,0,0
BRDA:229,27,1,0
BRDA:231,28,0,0
BRDA:231,28,1,0
BRDA:232,29,0,0
BRDA:232,29,1,0
BRDA:243,30,0,0
BRDA:243,30,1,0
BRDA:245,31,0,0
BRDA:245,31,1,0
BRDA:246,32,0,0
BRDA:246,32,1,0
BRDA:263,33,0,0
BRDA:263,33,1,0
BRDA:274,34,0,0
BRDA:274,34,1,0
BRDA:274,35,0,0
BRDA:274,35,1,0
BRDA:280,36,0,0
BRDA:280,36,1,0
BRDA:283,37,0,0
BRDA:283,37,1,0
BRDA:306,38,0,0
BRDA:306,38,1,0
BRF:87
BRH:0
end_of_record
TN:
SF:/home/abdul.hamid/Test500/CITesting/src/app/modules/shared/search/search.component.ts
FN:16,(anonymous_0)
FN:51,SearchComponent
FN:56,(anonymous_2)
FN:60,(anonymous_3)
FN:72,(anonymous_4)
FN:74,(anonymous_5)
FN:82,(anonymous_6)
FN:84,(anonymous_7)
FN:93,(anonymous_8)
FN:95,(anonymous_9)
FN:104,(anonymous_10)
FN:111,(anonymous_11)
FN:133,(anonymous_12)
FN:150,(anonymous_13)
FN:151,(anonymous_14)
FN:161,(anonymous_15)
FN:172,(anonymous_16)
FN:185,(anonymous_17)
FN:193,(anonymous_18)
FNF:19
FNH:5
FNDA:1,(anonymous_0)
FNDA:3,SearchComponent
FNDA:3,(anonymous_2)
FNDA:3,(anonymous_3)
FNDA:0,(anonymous_4)
FNDA:0,(anonymous_5)
FNDA:0,(anonymous_6)
FNDA:0,(anonymous_7)
FNDA:0,(anonymous_8)
FNDA:0,(anonymous_9)
FNDA:3,(anonymous_10)
FNDA:0,(anonymous_11)
FNDA:0,(anonymous_12)
FNDA:0,(anonymous_13)
FNDA:0,(anonymous_14)
FNDA:0,(anonymous_15)
FNDA:0,(anonymous_16)
FNDA:0,(anonymous_17)
FNDA:0,(anonymous_18)
DA:1,1
DA:4,1
DA:6,1
DA:7,1
DA:16,1
DA:18,3
DA:23,3
DA:24,3
DA:25,3
DA:26,3
DA:27,3
DA:32,1
DA:33,3
DA:34,1
DA:35,1
DA:37,1
DA:38,1
DA:41,3
DA:42,1
DA:43,1
DA:44,1
DA:46,3
DA:47,3
DA:48,3
DA:49,3
DA:51,3
DA:52,3
DA:53,3
DA:56,1
DA:57,3
DA:60,1
DA:61,3
DA:62,3
DA:63,3
DA:64,0
DA:65,0
DA:66,0
DA:72,1
DA:74,0
DA:75,0
DA:76,0
DA:77,0
DA:78,0
DA:82,1
DA:84,0
DA:85,0
DA:86,0
DA:87,0
DA:88,0
DA:93,1
DA:94,0
DA:95,0
DA:96,0
DA:97,0
DA:98,0
DA:99,0
DA:100,0
DA:104,3
DA:106,3
DA:107,3
DA:112,0
DA:113,0
DA:115,0
DA:116,0
DA:117,0
DA:118,0
DA:119,0
DA:120,0
DA:122,0
DA:123,0
DA:124,0
DA:125,0
DA:126,0
DA:133,1
DA:134,0
DA:135,0
DA:136,0
DA:137,0
DA:138,0
DA:139,0
DA:143,0
DA:144,0
DA:147,0
DA:150,1
DA:151,0
DA:152,0
DA:153,0
DA:154,0
DA:155,0
DA:157,0
DA:161,1
DA:162,0
DA:163,0
DA:164,0
DA:165,0
DA:166,0
DA:167,0
DA:168,0
DA:169,0
DA:172,1
DA:173,0
DA:175,0
DA:176,0
DA:177,0
DA:178,0
DA:179,0
DA:180,0
DA:185,1
DA:186,0
DA:187,0
DA:189,0
DA:190,0
DA:193,1
DA:194,0
DA:195,0
DA:197,0
DA:198,0
DA:199,0
DA:200,0
DA:203,0
DA:205,0
DA:206,0
DA:208,1
LF:123
LH:47
BRDA:63,0,0,0
BRDA:63,0,1,3
BRDA:64,1,0,0
BRDA:64,1,1,0
BRDA:64,2,0,0
BRDA:64,2,1,0
BRDA:115,3,0,0
BRDA:115,3,1,0
BRDA:134,4,0,0
BRDA:134,4,1,0
BRDA:134,5,0,0
BRDA:134,5,1,0
BRDA:136,6,0,0
BRDA:136,6,1,0
BRDA:138,7,0,0
BRDA:138,7,1,0
BRDA:138,8,0,0
BRDA:138,8,1,0
BRDA:152,9,0,0
BRDA:152,9,1,0
BRDA:154,10,0,0
BRDA:154,10,1,0
BRDA:178,11,0,0
BRDA:178,11,1,0
BRDA:186,12,0,0
BRDA:186,12,1,0
BRDA:197,13,0,0
BRDA:197,13,1,0
BRDA:197,14,0,0
BRDA:197,14,1,0
BRDA:199,15,0,0
BRDA:199,15,1,0
BRDA:199,16,0,0
BRDA:199,16,1,0
BRF:34
BRH:1
end_of_record
TN:
SF:/home/abdul.hamid/Test500/CITesting/src/app/modules/task-list/mock-tasks.ts
FNF:0
FNH:0
DA:3,1
LF:1
LH:1
BRF:0
BRH:0
end_of_record
TN:
SF:/home/abdul.hamid/Test500/CITesting/src/app/modules/timesheet/timesheet.component.ts
FN:9,(anonymous_0)
FN:10,TimesheetComponent
FN:16,(anonymous_2)
FN:18,(anonymous_3)
FNF:4
FNH:3
FNDA:1,(anonymous_0)
FNDA:1,TimesheetComponent
FNDA:1,(anonymous_2)
FNDA:0,(anonymous_3)
DA:1,1
DA:2,1
DA:9,1
DA:11,1
DA:12,1
DA:13,1
DA:16,1
DA:17,1
DA:18,1
DA:21,1
LF:10
LH:10
BRF:0
BRH:0
end_of_record
TN:
SF:/home/abdul.hamid/Test500/CITesting/src/app/modules/video/video.component.ts
FN:8,(anonymous_0)
FN:10,VideoComponent
FNF:2
FNH:2
FNDA:1,(anonymous_0)
FNDA:1,VideoComponent
DA:1,1
DA:8,1
DA:9,1
DA:13,1
LF:4
LH:4
BRF:0
BRH:0
end_of_record
TN:
SF:/home/abdul.hamid/Test500/CITesting/src/app/modules/widgets/widgets.component.ts
FN:15,(anonymous_0)
FN:71,WidgetsComponent
FN:73,(anonymous_2)
FN:86,(anonymous_3)
FN:91,(anonymous_4)
FN:107,(anonymous_5)
FN:114,(anonymous_6)
FN:119,(anonymous_7)
FN:125,(anonymous_8)
FN:128,(anonymous_9)
FNF:10
FNH:1
FNDA:1,(anonymous_0)
FNDA:0,WidgetsComponent
FNDA:0,(anonymous_2)
FNDA:0,(anonymous_3)
FNDA:0,(anonymous_4)
FNDA:0,(anonymous_5)
FNDA:0,(anonymous_6)
FNDA:0,(anonymous_7)
FNDA:0,(anonymous_8)
FNDA:0,(anonymous_9)
DA:1,1
DA:2,1
DA:4,1
DA:5,1
DA:6,1
DA:7,1
DA:15,1
DA:16,1
DA:17,1
DA:18,1
DA:20,0
DA:22,0
DA:64,0
DA:67,0
DA:71,0
DA:73,1
DA:74,0
DA:75,0
DA:76,0
DA:77,0
DA:78,0
DA:79,0
DA:80,0
DA:81,0
DA:83,0
DA:85,0
DA:87,0
DA:91,0
DA:92,0
DA:93,0
DA:94,0
DA:95,0
DA:96,0
DA:97,0
DA:98,0
DA:99,0
DA:101,0
DA:107,1
DA:108,0
DA:109,0
DA:114,1
DA:115,0
DA:119,1
DA:120,0
DA:121,0
DA:125,1
DA:126,0
DA:127,0
DA:128,0
DA:133,1
LF:50
LH:16
BRDA:74,0,0,0
BRDA:74,0,1,0
BRDA:74,1,0,0
BRDA:74,1,1,0
BRDA:76,2,0,0
BRDA:76,2,1,0
BRDA:76,3,0,0
BRDA:76,3,1,0
BRDA:78,4,0,0
BRDA:78,4,1,0
BRDA:78,5,0,0
BRDA:78,5,1,0
BRDA:80,6,0,0
BRDA:80,6,1,0
BRDA:92,7,0,0
BRDA:92,7,1,0
BRDA:92,8,0,0
BRDA:92,8,1,0
BRDA:94,9,0,0
BRDA:94,9,1,0
BRDA:94,10,0,0
BRDA:94,10,1,0
BRDA:96,11,0,0
BRDA:96,11,1,0
BRDA:96,12,0,0
BRDA:96,12,1,0
BRDA:98,13,0,0
BRDA:98,13,1,0
BRDA:108,14,0,0
BRDA:108,14,1,0
BRF:30
BRH:0
end_of_record
TN:
SF:/home/abdul.hamid/Test500/CITesting/src/app/modules/widgets/pop-up/pop-up.component.ts
FN:12,(anonymous_0)
FN:14,PopUpComponent
FN:17,(anonymous_2)
FN:20,(anonymous_3)
FNF:4
FNH:1
FNDA:1,(anonymous_0)
FNDA:0,PopUpComponent
FNDA:0,(anonymous_2)
FNDA:0,(anonymous_3)
DA:1,1
DA:2,1
DA:12,1
DA:14,0
DA:17,1
DA:20,1
DA:21,0
DA:24,1
LF:8
LH:6
BRF:0
BRH:0
end_of_record
TN:
SF:/home/abdul.hamid/Test500/CITesting/src/app/testing/mock-data.ts
FNF:0
FNH:0
DA:1,1
LF:1
LH:1
BRF:0
BRH:0
end_of_record
TN:
SF:/home/abdul.hamid/Test500/CITesting/src/app/testing/stubs/exceptionservice.stub.ts
FN:5,(anonymous_0)
FN:7,(anonymous_2)
FNF:2
FNH:1
FNDA:5,(anonymous_0)
FNDA:0,(anonymous_2)
DA:3,1
DA:5,1
DA:7,1
DA:8,0
DA:9,0
DA:10,0
DA:14,0
DA:16,0
DA:18,1
LF:9
LH:4
BRDA:11,0,0,0
BRDA:11,0,1,0
BRDA:11,1,0,0
BRDA:11,1,1,0
BRDA:12,2,0,0
BRDA:12,2,1,0
BRF:6
BRH:0
end_of_record
TN:
SF:/home/abdul.hamid/Test500/CITesting/src/app/testing/stubs/index.ts
FNF:0
FNH:0
DA:1,1
DA:2,1
LF:2
LH:2
BRF:0
BRH:0
end_of_record
TN:
SF:/home/abdul.hamid/Test500/CITesting/src/app/testing/stubs/router.stub.ts
FN:3,(anonymous_0)
FN:4,(anonymous_2)
FN:8,(anonymous_3)
FNF:3
FNH:2
FNDA:9,(anonymous_0)
FNDA:1,(anonymous_2)
FNDA:0,(anonymous_3)
DA:3,1
DA:4,1
DA:5,1
DA:8,1
DA:9,0
DA:11,1
LF:6
LH:5
BRF:0
BRH:0
end_of_record
TN:
SF:/home/abdul.hamid/Test500/CITesting/src/app/testing/utils/click.ts
FN:11,click
FNF:1
FNH:0
FNDA:0,click
DA:5,1
DA:11,1
DA:12,0
DA:13,0
DA:15,0
LF:5
LH:2
BRDA:11,0,0,0
BRDA:11,0,1,0
BRDA:12,1,0,0
BRDA:12,1,1,0
BRF:4
BRH:0
end_of_record
TN:
SF:/home/abdul.hamid/Test500/CITesting/src/app/testing/utils/index.ts
FNF:0
FNH:0
DA:1,1
LF:1
LH:1
BRF:0
BRH:0
end_of_record
